{"D:\\ClaimHero\\convex\\lib\\agentMail.ts": {"path":"D:\\ClaimHero\\convex\\lib\\agentMail.ts","all":false,"statementMap":{"16":{"start":{"line":17,"column":0},"end":{"line":17,"column":61}},"18":{"start":{"line":19,"column":0},"end":{"line":19,"column":69}},"19":{"start":{"line":20,"column":0},"end":{"line":20,"column":53}},"20":{"start":{"line":21,"column":0},"end":{"line":21,"column":1}},"22":{"start":{"line":23,"column":0},"end":{"line":23,"column":78}},"23":{"start":{"line":24,"column":0},"end":{"line":24,"column":40}},"24":{"start":{"line":25,"column":0},"end":{"line":25,"column":27}},"25":{"start":{"line":26,"column":0},"end":{"line":26,"column":28}},"26":{"start":{"line":27,"column":0},"end":{"line":27,"column":71}},"27":{"start":{"line":28,"column":0},"end":{"line":28,"column":3}},"28":{"start":{"line":29,"column":0},"end":{"line":29,"column":19}},"29":{"start":{"line":30,"column":0},"end":{"line":30,"column":1}},"31":{"start":{"line":32,"column":0},"end":{"line":32,"column":37}},"32":{"start":{"line":33,"column":0},"end":{"line":33,"column":55}},"33":{"start":{"line":34,"column":0},"end":{"line":34,"column":16}},"34":{"start":{"line":35,"column":0},"end":{"line":35,"column":96}},"35":{"start":{"line":36,"column":0},"end":{"line":36,"column":3}},"36":{"start":{"line":37,"column":0},"end":{"line":37,"column":16}},"37":{"start":{"line":38,"column":0},"end":{"line":38,"column":1}},"39":{"start":{"line":40,"column":0},"end":{"line":40,"column":60}},"40":{"start":{"line":41,"column":0},"end":{"line":41,"column":42}},"41":{"start":{"line":42,"column":0},"end":{"line":42,"column":28}},"42":{"start":{"line":43,"column":0},"end":{"line":43,"column":1}},"48":{"start":{"line":49,"column":0},"end":{"line":49,"column":65}},"49":{"start":{"line":50,"column":0},"end":{"line":50,"column":110}},"50":{"start":{"line":51,"column":0},"end":{"line":51,"column":21}},"51":{"start":{"line":52,"column":0},"end":{"line":52,"column":48}},"52":{"start":{"line":53,"column":0},"end":{"line":53,"column":63}},"53":{"start":{"line":54,"column":0},"end":{"line":54,"column":79}},"54":{"start":{"line":55,"column":0},"end":{"line":55,"column":74}},"56":{"start":{"line":57,"column":0},"end":{"line":57,"column":83}},"57":{"start":{"line":58,"column":0},"end":{"line":58,"column":20}},"58":{"start":{"line":59,"column":0},"end":{"line":59,"column":163}},"59":{"start":{"line":60,"column":0},"end":{"line":60,"column":6}},"60":{"start":{"line":61,"column":0},"end":{"line":61,"column":3}},"62":{"start":{"line":63,"column":0},"end":{"line":63,"column":78}},"63":{"start":{"line":64,"column":0},"end":{"line":64,"column":1}},"65":{"start":{"line":66,"column":0},"end":{"line":66,"column":61}},"66":{"start":{"line":67,"column":0},"end":{"line":67,"column":63}},"67":{"start":{"line":68,"column":0},"end":{"line":68,"column":58}},"69":{"start":{"line":70,"column":0},"end":{"line":70,"column":27}},"70":{"start":{"line":71,"column":0},"end":{"line":71,"column":117}},"71":{"start":{"line":72,"column":0},"end":{"line":72,"column":3}},"73":{"start":{"line":74,"column":0},"end":{"line":74,"column":49}},"74":{"start":{"line":75,"column":0},"end":{"line":75,"column":1}},"76":{"start":{"line":77,"column":0},"end":{"line":77,"column":68}},"77":{"start":{"line":78,"column":0},"end":{"line":78,"column":37}},"78":{"start":{"line":79,"column":0},"end":{"line":79,"column":25}},"79":{"start":{"line":80,"column":0},"end":{"line":80,"column":7}},"80":{"start":{"line":81,"column":0},"end":{"line":81,"column":39}},"81":{"start":{"line":82,"column":0},"end":{"line":82,"column":11}},"82":{"start":{"line":83,"column":0},"end":{"line":83,"column":16}},"83":{"start":{"line":84,"column":0},"end":{"line":84,"column":3}},"84":{"start":{"line":85,"column":0},"end":{"line":85,"column":1}},"86":{"start":{"line":87,"column":0},"end":{"line":87,"column":53}},"92":{"start":{"line":93,"column":0},"end":{"line":93,"column":34}},"93":{"start":{"line":94,"column":0},"end":{"line":94,"column":31}},"94":{"start":{"line":95,"column":0},"end":{"line":95,"column":93}},"95":{"start":{"line":96,"column":0},"end":{"line":96,"column":5}},"96":{"start":{"line":97,"column":0},"end":{"line":97,"column":21}},"97":{"start":{"line":98,"column":0},"end":{"line":98,"column":16}},"98":{"start":{"line":99,"column":0},"end":{"line":99,"column":43}},"99":{"start":{"line":100,"column":0},"end":{"line":100,"column":54}},"100":{"start":{"line":101,"column":0},"end":{"line":101,"column":8}},"101":{"start":{"line":102,"column":0},"end":{"line":102,"column":28}},"102":{"start":{"line":103,"column":0},"end":{"line":103,"column":23}},"103":{"start":{"line":104,"column":0},"end":{"line":104,"column":33}},"104":{"start":{"line":105,"column":0},"end":{"line":105,"column":27}},"105":{"start":{"line":106,"column":0},"end":{"line":106,"column":27}},"106":{"start":{"line":107,"column":0},"end":{"line":107,"column":9}},"107":{"start":{"line":108,"column":0},"end":{"line":108,"column":5}},"108":{"start":{"line":109,"column":0},"end":{"line":109,"column":4}},"110":{"start":{"line":111,"column":0},"end":{"line":111,"column":45}},"111":{"start":{"line":112,"column":0},"end":{"line":112,"column":21}},"112":{"start":{"line":113,"column":0},"end":{"line":113,"column":74}},"113":{"start":{"line":114,"column":0},"end":{"line":114,"column":89}},"114":{"start":{"line":115,"column":0},"end":{"line":115,"column":3}},"116":{"start":{"line":117,"column":0},"end":{"line":117,"column":10}},"117":{"start":{"line":118,"column":0},"end":{"line":118,"column":68}},"118":{"start":{"line":119,"column":0},"end":{"line":119,"column":4}},"119":{"start":{"line":120,"column":0},"end":{"line":120,"column":1}},"121":{"start":{"line":122,"column":0},"end":{"line":122,"column":113}},"122":{"start":{"line":123,"column":0},"end":{"line":123,"column":31}},"123":{"start":{"line":124,"column":0},"end":{"line":124,"column":113}},"124":{"start":{"line":125,"column":0},"end":{"line":125,"column":5}},"125":{"start":{"line":126,"column":0},"end":{"line":126,"column":20}},"126":{"start":{"line":127,"column":0},"end":{"line":127,"column":65}},"127":{"start":{"line":128,"column":0},"end":{"line":128,"column":5}},"128":{"start":{"line":129,"column":0},"end":{"line":129,"column":4}},"129":{"start":{"line":130,"column":0},"end":{"line":130,"column":45}},"130":{"start":{"line":131,"column":0},"end":{"line":131,"column":40}},"131":{"start":{"line":132,"column":0},"end":{"line":132,"column":74}},"132":{"start":{"line":133,"column":0},"end":{"line":133,"column":90}},"133":{"start":{"line":134,"column":0},"end":{"line":134,"column":3}},"134":{"start":{"line":135,"column":0},"end":{"line":135,"column":14}},"135":{"start":{"line":136,"column":0},"end":{"line":136,"column":1}},"137":{"start":{"line":138,"column":0},"end":{"line":138,"column":60}},"141":{"start":{"line":142,"column":0},"end":{"line":142,"column":59}},"142":{"start":{"line":143,"column":0},"end":{"line":143,"column":31}},"143":{"start":{"line":144,"column":0},"end":{"line":144,"column":185}},"144":{"start":{"line":145,"column":0},"end":{"line":145,"column":5}},"145":{"start":{"line":146,"column":0},"end":{"line":146,"column":20}},"146":{"start":{"line":147,"column":0},"end":{"line":147,"column":65}},"147":{"start":{"line":148,"column":0},"end":{"line":148,"column":5}},"148":{"start":{"line":149,"column":0},"end":{"line":149,"column":4}},"150":{"start":{"line":151,"column":0},"end":{"line":151,"column":21}},"151":{"start":{"line":152,"column":0},"end":{"line":152,"column":47}},"152":{"start":{"line":153,"column":0},"end":{"line":153,"column":74}},"153":{"start":{"line":154,"column":0},"end":{"line":154,"column":93}},"154":{"start":{"line":155,"column":0},"end":{"line":155,"column":3}},"156":{"start":{"line":157,"column":0},"end":{"line":157,"column":72}},"157":{"start":{"line":158,"column":0},"end":{"line":158,"column":50}},"158":{"start":{"line":159,"column":0},"end":{"line":159,"column":70}},"159":{"start":{"line":160,"column":0},"end":{"line":160,"column":86}},"160":{"start":{"line":161,"column":0},"end":{"line":161,"column":103}},"162":{"start":{"line":163,"column":0},"end":{"line":163,"column":54}},"163":{"start":{"line":164,"column":0},"end":{"line":164,"column":116}},"164":{"start":{"line":165,"column":0},"end":{"line":165,"column":12}},"165":{"start":{"line":166,"column":0},"end":{"line":166,"column":50}},"166":{"start":{"line":167,"column":0},"end":{"line":167,"column":122}},"167":{"start":{"line":168,"column":0},"end":{"line":168,"column":6}},"168":{"start":{"line":169,"column":0},"end":{"line":169,"column":3}},"170":{"start":{"line":171,"column":0},"end":{"line":171,"column":62}},"171":{"start":{"line":172,"column":0},"end":{"line":172,"column":1}}},"s":{"16":1,"18":4,"19":4,"20":4,"22":3,"23":3,"24":3,"25":5,"26":5,"27":5,"28":1,"29":1,"31":9,"32":9,"33":9,"34":1,"35":1,"36":8,"37":8,"39":13,"40":13,"41":13,"42":13,"48":1,"49":2,"50":2,"51":2,"52":1,"53":2,"54":2,"56":2,"57":1,"58":1,"59":1,"60":1,"62":1,"63":1,"65":1,"66":2,"67":2,"69":2,"70":1,"71":1,"73":1,"74":1,"76":6,"77":6,"78":6,"79":6,"80":6,"81":6,"82":2,"83":2,"84":6,"86":4,"92":4,"93":4,"94":4,"95":4,"96":4,"97":4,"98":4,"99":4,"100":4,"101":4,"102":4,"103":4,"104":4,"105":4,"106":4,"107":4,"108":4,"110":3,"111":4,"112":1,"113":1,"114":1,"116":2,"117":2,"118":2,"119":2,"121":2,"122":2,"123":2,"124":2,"125":2,"126":2,"127":2,"128":2,"129":2,"130":2,"131":1,"132":1,"133":1,"134":1,"135":1,"137":3,"141":3,"142":3,"143":3,"144":3,"145":3,"146":3,"147":3,"148":3,"150":3,"151":1,"152":1,"153":1,"154":1,"156":3,"157":3,"158":1,"159":1,"160":1,"162":1,"163":1,"164":1,"165":1,"166":1,"167":1,"168":1,"170":1,"171":1},"branchMap":{"0":{"type":"branch","line":19,"loc":{"start":{"line":19,"column":0},"end":{"line":21,"column":1}},"locations":[{"start":{"line":19,"column":0},"end":{"line":21,"column":1}}]},"1":{"type":"branch","line":23,"loc":{"start":{"line":23,"column":0},"end":{"line":30,"column":1}},"locations":[{"start":{"line":23,"column":0},"end":{"line":30,"column":1}}]},"2":{"type":"branch","line":24,"loc":{"start":{"line":24,"column":23},"end":{"line":24,"column":40}},"locations":[{"start":{"line":24,"column":23},"end":{"line":24,"column":40}}]},"3":{"type":"branch","line":25,"loc":{"start":{"line":25,"column":26},"end":{"line":28,"column":3}},"locations":[{"start":{"line":25,"column":26},"end":{"line":28,"column":3}}]},"4":{"type":"branch","line":27,"loc":{"start":{"line":27,"column":25},"end":{"line":27,"column":51}},"locations":[{"start":{"line":27,"column":25},"end":{"line":27,"column":51}}]},"5":{"type":"branch","line":27,"loc":{"start":{"line":27,"column":51},"end":{"line":27,"column":71}},"locations":[{"start":{"line":27,"column":51},"end":{"line":27,"column":71}}]},"6":{"type":"branch","line":28,"loc":{"start":{"line":28,"column":2},"end":{"line":30,"column":1}},"locations":[{"start":{"line":28,"column":2},"end":{"line":30,"column":1}}]},"7":{"type":"branch","line":32,"loc":{"start":{"line":32,"column":0},"end":{"line":38,"column":1}},"locations":[{"start":{"line":32,"column":0},"end":{"line":38,"column":1}}]},"8":{"type":"branch","line":33,"loc":{"start":{"line":33,"column":29},"end":{"line":33,"column":53}},"locations":[{"start":{"line":33,"column":29},"end":{"line":33,"column":53}}]},"9":{"type":"branch","line":34,"loc":{"start":{"line":34,"column":15},"end":{"line":36,"column":3}},"locations":[{"start":{"line":34,"column":15},"end":{"line":36,"column":3}}]},"10":{"type":"branch","line":36,"loc":{"start":{"line":36,"column":2},"end":{"line":38,"column":1}},"locations":[{"start":{"line":36,"column":2},"end":{"line":38,"column":1}}]},"11":{"type":"branch","line":40,"loc":{"start":{"line":40,"column":0},"end":{"line":43,"column":1}},"locations":[{"start":{"line":40,"column":0},"end":{"line":43,"column":1}}]},"12":{"type":"branch","line":41,"loc":{"start":{"line":41,"column":32},"end":{"line":41,"column":40}},"locations":[{"start":{"line":41,"column":32},"end":{"line":41,"column":40}}]},"13":{"type":"branch","line":42,"loc":{"start":{"line":42,"column":9},"end":{"line":42,"column":28}},"locations":[{"start":{"line":42,"column":9},"end":{"line":42,"column":28}}]},"14":{"type":"branch","line":49,"loc":{"start":{"line":49,"column":7},"end":{"line":64,"column":1}},"locations":[{"start":{"line":49,"column":7},"end":{"line":64,"column":1}}]},"15":{"type":"branch","line":50,"loc":{"start":{"line":50,"column":67},"end":{"line":50,"column":110}},"locations":[{"start":{"line":50,"column":67},"end":{"line":50,"column":110}}]},"16":{"type":"branch","line":52,"loc":{"start":{"line":52,"column":44},"end":{"line":53,"column":63}},"locations":[{"start":{"line":52,"column":44},"end":{"line":53,"column":63}}]},"17":{"type":"branch","line":53,"loc":{"start":{"line":53,"column":5},"end":{"line":53,"column":29}},"locations":[{"start":{"line":53,"column":5},"end":{"line":53,"column":29}}]},"18":{"type":"branch","line":53,"loc":{"start":{"line":53,"column":32},"end":{"line":53,"column":52}},"locations":[{"start":{"line":53,"column":32},"end":{"line":53,"column":52}}]},"19":{"type":"branch","line":57,"loc":{"start":{"line":57,"column":7},"end":{"line":57,"column":40}},"locations":[{"start":{"line":57,"column":7},"end":{"line":57,"column":40}}]},"20":{"type":"branch","line":57,"loc":{"start":{"line":57,"column":25},"end":{"line":57,"column":63}},"locations":[{"start":{"line":57,"column":25},"end":{"line":57,"column":63}}]},"21":{"type":"branch","line":57,"loc":{"start":{"line":57,"column":41},"end":{"line":57,"column":82}},"locations":[{"start":{"line":57,"column":41},"end":{"line":57,"column":82}}]},"22":{"type":"branch","line":57,"loc":{"start":{"line":57,"column":82},"end":{"line":64,"column":1}},"locations":[{"start":{"line":57,"column":82},"end":{"line":64,"column":1}}]},"23":{"type":"branch","line":66,"loc":{"start":{"line":66,"column":7},"end":{"line":75,"column":1}},"locations":[{"start":{"line":66,"column":7},"end":{"line":75,"column":1}}]},"24":{"type":"branch","line":70,"loc":{"start":{"line":70,"column":7},"end":{"line":70,"column":26}},"locations":[{"start":{"line":70,"column":7},"end":{"line":70,"column":26}}]},"25":{"type":"branch","line":70,"loc":{"start":{"line":70,"column":26},"end":{"line":75,"column":1}},"locations":[{"start":{"line":70,"column":26},"end":{"line":75,"column":1}}]},"26":{"type":"branch","line":77,"loc":{"start":{"line":77,"column":0},"end":{"line":85,"column":1}},"locations":[{"start":{"line":77,"column":0},"end":{"line":85,"column":1}}]},"27":{"type":"branch","line":79,"loc":{"start":{"line":79,"column":13},"end":{"line":79,"column":25}},"locations":[{"start":{"line":79,"column":13},"end":{"line":79,"column":25}}]},"28":{"type":"branch","line":82,"loc":{"start":{"line":82,"column":2},"end":{"line":84,"column":3}},"locations":[{"start":{"line":82,"column":2},"end":{"line":84,"column":3}}]},"29":{"type":"branch","line":87,"loc":{"start":{"line":87,"column":0},"end":{"line":120,"column":1}},"locations":[{"start":{"line":87,"column":0},"end":{"line":120,"column":1}}]},"30":{"type":"branch","line":109,"loc":{"start":{"line":109,"column":2},"end":{"line":112,"column":20}},"locations":[{"start":{"line":109,"column":2},"end":{"line":112,"column":20}}]},"31":{"type":"branch","line":112,"loc":{"start":{"line":112,"column":20},"end":{"line":115,"column":3}},"locations":[{"start":{"line":112,"column":20},"end":{"line":115,"column":3}}]},"32":{"type":"branch","line":113,"loc":{"start":{"line":113,"column":35},"end":{"line":113,"column":53}},"locations":[{"start":{"line":113,"column":35},"end":{"line":113,"column":53}}]},"33":{"type":"branch","line":115,"loc":{"start":{"line":115,"column":2},"end":{"line":120,"column":1}},"locations":[{"start":{"line":115,"column":2},"end":{"line":120,"column":1}}]},"34":{"type":"branch","line":122,"loc":{"start":{"line":122,"column":0},"end":{"line":136,"column":1}},"locations":[{"start":{"line":122,"column":0},"end":{"line":136,"column":1}}]},"35":{"type":"branch","line":131,"loc":{"start":{"line":131,"column":16},"end":{"line":131,"column":39}},"locations":[{"start":{"line":131,"column":16},"end":{"line":131,"column":39}}]},"36":{"type":"branch","line":131,"loc":{"start":{"line":131,"column":39},"end":{"line":136,"column":1}},"locations":[{"start":{"line":131,"column":39},"end":{"line":136,"column":1}}]},"37":{"type":"branch","line":132,"loc":{"start":{"line":132,"column":46},"end":{"line":132,"column":74}},"locations":[{"start":{"line":132,"column":46},"end":{"line":132,"column":74}}]},"38":{"type":"branch","line":138,"loc":{"start":{"line":138,"column":0},"end":{"line":172,"column":1}},"locations":[{"start":{"line":138,"column":0},"end":{"line":172,"column":1}}]},"39":{"type":"branch","line":151,"loc":{"start":{"line":151,"column":20},"end":{"line":155,"column":3}},"locations":[{"start":{"line":151,"column":20},"end":{"line":155,"column":3}}]},"40":{"type":"branch","line":153,"loc":{"start":{"line":153,"column":46},"end":{"line":153,"column":74}},"locations":[{"start":{"line":153,"column":46},"end":{"line":153,"column":74}}]},"41":{"type":"branch","line":155,"loc":{"start":{"line":155,"column":2},"end":{"line":157,"column":62}},"locations":[{"start":{"line":155,"column":2},"end":{"line":157,"column":62}}]},"42":{"type":"branch","line":157,"loc":{"start":{"line":157,"column":57},"end":{"line":157,"column":72}},"locations":[{"start":{"line":157,"column":57},"end":{"line":157,"column":72}}]},"43":{"type":"branch","line":158,"loc":{"start":{"line":158,"column":6},"end":{"line":158,"column":28}},"locations":[{"start":{"line":158,"column":6},"end":{"line":158,"column":28}}]},"44":{"type":"branch","line":158,"loc":{"start":{"line":158,"column":49},"end":{"line":172,"column":1}},"locations":[{"start":{"line":158,"column":49},"end":{"line":172,"column":1}}]},"45":{"type":"branch","line":161,"loc":{"start":{"line":161,"column":22},"end":{"line":161,"column":103}},"locations":[{"start":{"line":161,"column":22},"end":{"line":161,"column":103}}]},"46":{"type":"branch","line":164,"loc":{"start":{"line":164,"column":30},"end":{"line":164,"column":116}},"locations":[{"start":{"line":164,"column":30},"end":{"line":164,"column":116}}]},"47":{"type":"branch","line":167,"loc":{"start":{"line":167,"column":62},"end":{"line":167,"column":122}},"locations":[{"start":{"line":167,"column":62},"end":{"line":167,"column":122}}]}},"b":{"0":[4],"1":[3],"2":[0],"3":[5],"4":[2],"5":[2],"6":[1],"7":[9],"8":[8],"9":[1],"10":[8],"11":[13],"12":[6],"13":[7],"14":[2],"15":[1],"16":[1],"17":[0],"18":[0],"19":[1],"20":[1],"21":[1],"22":[1],"23":[2],"24":[1],"25":[1],"26":[6],"27":[0],"28":[2],"29":[4],"30":[3],"31":[1],"32":[0],"33":[2],"34":[2],"35":[1],"36":[1],"37":[0],"38":[3],"39":[1],"40":[0],"41":[2],"42":[0],"43":[2],"44":[1],"45":[0],"46":[0],"47":[0]},"fnMap":{"0":{"name":"isRecord","decl":{"start":{"line":19,"column":0},"end":{"line":21,"column":1}},"loc":{"start":{"line":19,"column":0},"end":{"line":21,"column":1}},"line":19},"1":{"name":"responseField","decl":{"start":{"line":23,"column":0},"end":{"line":30,"column":1}},"loc":{"start":{"line":23,"column":0},"end":{"line":30,"column":1}},"line":23},"2":{"name":"configuredApiKey","decl":{"start":{"line":32,"column":0},"end":{"line":38,"column":1}},"loc":{"start":{"line":32,"column":0},"end":{"line":38,"column":1}},"line":32},"3":{"name":"configuredValue","decl":{"start":{"line":40,"column":0},"end":{"line":43,"column":1}},"loc":{"start":{"line":40,"column":0},"end":{"line":43,"column":1}},"line":40},"4":{"name":"getSharedAgentMailboxes","decl":{"start":{"line":49,"column":7},"end":{"line":64,"column":1}},"loc":{"start":{"line":49,"column":7},"end":{"line":64,"column":1}},"line":49},"5":{"name":"getIntakeAgentMailbox","decl":{"start":{"line":66,"column":7},"end":{"line":75,"column":1}},"loc":{"start":{"line":66,"column":7},"end":{"line":75,"column":1}},"line":66},"6":{"name":"parseResponse","decl":{"start":{"line":77,"column":0},"end":{"line":85,"column":1}},"loc":{"start":{"line":77,"column":0},"end":{"line":85,"column":1}},"line":77},"7":{"name":"sendAgentMailMessage","decl":{"start":{"line":87,"column":0},"end":{"line":120,"column":1}},"loc":{"start":{"line":87,"column":0},"end":{"line":120,"column":1}},"line":87},"8":{"name":"getAgentMailMessage","decl":{"start":{"line":122,"column":0},"end":{"line":136,"column":1}},"loc":{"start":{"line":122,"column":0},"end":{"line":136,"column":1}},"line":122},"9":{"name":"downloadAgentMailAttachment","decl":{"start":{"line":138,"column":0},"end":{"line":172,"column":1}},"loc":{"start":{"line":138,"column":0},"end":{"line":172,"column":1}},"line":138}},"f":{"0":4,"1":3,"2":9,"3":13,"4":2,"5":2,"6":6,"7":4,"8":2,"9":3}}
,"D:\\ClaimHero\\convex\\lib\\agentMailWebhook.ts": {"path":"D:\\ClaimHero\\convex\\lib\\agentMailWebhook.ts","all":false,"statementMap":{"21":{"start":{"line":22,"column":0},"end":{"line":22,"column":69}},"22":{"start":{"line":23,"column":0},"end":{"line":23,"column":53}},"23":{"start":{"line":24,"column":0},"end":{"line":24,"column":1}},"25":{"start":{"line":26,"column":0},"end":{"line":26,"column":58}},"26":{"start":{"line":27,"column":0},"end":{"line":27,"column":69}},"27":{"start":{"line":28,"column":0},"end":{"line":28,"column":29}},"28":{"start":{"line":29,"column":0},"end":{"line":29,"column":80}},"29":{"start":{"line":30,"column":0},"end":{"line":30,"column":64}},"30":{"start":{"line":31,"column":0},"end":{"line":31,"column":3}},"31":{"start":{"line":32,"column":0},"end":{"line":32,"column":81}},"32":{"start":{"line":33,"column":0},"end":{"line":33,"column":30}},"33":{"start":{"line":34,"column":0},"end":{"line":34,"column":3}},"34":{"start":{"line":35,"column":0},"end":{"line":35,"column":19}},"35":{"start":{"line":36,"column":0},"end":{"line":36,"column":1}},"37":{"start":{"line":38,"column":0},"end":{"line":38,"column":48}},"38":{"start":{"line":39,"column":0},"end":{"line":39,"column":71}},"39":{"start":{"line":40,"column":0},"end":{"line":40,"column":39}},"40":{"start":{"line":41,"column":0},"end":{"line":41,"column":125}},"41":{"start":{"line":42,"column":0},"end":{"line":42,"column":1}},"43":{"start":{"line":44,"column":0},"end":{"line":44,"column":81}},"44":{"start":{"line":45,"column":0},"end":{"line":45,"column":27}},"45":{"start":{"line":46,"column":0},"end":{"line":46,"column":78}},"46":{"start":{"line":47,"column":0},"end":{"line":47,"column":3}},"47":{"start":{"line":48,"column":0},"end":{"line":48,"column":19}},"48":{"start":{"line":49,"column":0},"end":{"line":49,"column":1}},"50":{"start":{"line":51,"column":0},"end":{"line":51,"column":77}},"51":{"start":{"line":52,"column":0},"end":{"line":52,"column":39}},"53":{"start":{"line":54,"column":0},"end":{"line":54,"column":34}},"54":{"start":{"line":55,"column":0},"end":{"line":55,"column":35}},"55":{"start":{"line":56,"column":0},"end":{"line":56,"column":93}},"56":{"start":{"line":57,"column":0},"end":{"line":57,"column":33}},"58":{"start":{"line":59,"column":0},"end":{"line":59,"column":127}},"59":{"start":{"line":60,"column":0},"end":{"line":60,"column":13}},"60":{"start":{"line":61,"column":0},"end":{"line":61,"column":19}},"61":{"start":{"line":62,"column":0},"end":{"line":62,"column":65}},"62":{"start":{"line":63,"column":0},"end":{"line":63,"column":92}},"63":{"start":{"line":64,"column":0},"end":{"line":64,"column":11}},"64":{"start":{"line":65,"column":0},"end":{"line":65,"column":7}},"65":{"start":{"line":66,"column":0},"end":{"line":66,"column":5}},"66":{"start":{"line":67,"column":0},"end":{"line":67,"column":1}},"72":{"start":{"line":73,"column":0},"end":{"line":73,"column":122}},"73":{"start":{"line":74,"column":0},"end":{"line":74,"column":38}},"75":{"start":{"line":76,"column":0},"end":{"line":76,"column":75}},"76":{"start":{"line":77,"column":0},"end":{"line":77,"column":43}},"77":{"start":{"line":78,"column":0},"end":{"line":78,"column":21}},"78":{"start":{"line":79,"column":0},"end":{"line":79,"column":62}},"79":{"start":{"line":80,"column":0},"end":{"line":80,"column":28}},"80":{"start":{"line":81,"column":0},"end":{"line":81,"column":30}},"81":{"start":{"line":82,"column":0},"end":{"line":82,"column":22}},"82":{"start":{"line":83,"column":0},"end":{"line":83,"column":18}},"84":{"start":{"line":85,"column":0},"end":{"line":85,"column":79}},"85":{"start":{"line":86,"column":0},"end":{"line":86,"column":73}},"86":{"start":{"line":87,"column":0},"end":{"line":87,"column":72}},"87":{"start":{"line":88,"column":0},"end":{"line":88,"column":83}},"89":{"start":{"line":90,"column":0},"end":{"line":90,"column":105}},"91":{"start":{"line":92,"column":0},"end":{"line":92,"column":10}},"92":{"start":{"line":93,"column":0},"end":{"line":93,"column":14}},"93":{"start":{"line":94,"column":0},"end":{"line":94,"column":12}},"94":{"start":{"line":95,"column":0},"end":{"line":95,"column":14}},"95":{"start":{"line":96,"column":0},"end":{"line":96,"column":71}},"96":{"start":{"line":97,"column":0},"end":{"line":97,"column":12}},"97":{"start":{"line":98,"column":0},"end":{"line":98,"column":69}},"98":{"start":{"line":99,"column":0},"end":{"line":99,"column":15}},"99":{"start":{"line":100,"column":0},"end":{"line":100,"column":56}},"100":{"start":{"line":101,"column":0},"end":{"line":101,"column":81}},"101":{"start":{"line":102,"column":0},"end":{"line":102,"column":81}},"102":{"start":{"line":103,"column":0},"end":{"line":103,"column":59}},"103":{"start":{"line":104,"column":0},"end":{"line":104,"column":4}},"104":{"start":{"line":105,"column":0},"end":{"line":105,"column":1}},"106":{"start":{"line":107,"column":0},"end":{"line":107,"column":73}},"107":{"start":{"line":108,"column":0},"end":{"line":108,"column":31}},"108":{"start":{"line":109,"column":0},"end":{"line":109,"column":57}},"109":{"start":{"line":110,"column":0},"end":{"line":110,"column":97}},"110":{"start":{"line":111,"column":0},"end":{"line":111,"column":41}},"111":{"start":{"line":112,"column":0},"end":{"line":112,"column":1}}},"s":{"21":40,"22":40,"23":40,"25":48,"26":48,"27":48,"28":1,"29":1,"30":1,"31":48,"32":1,"33":1,"34":15,"35":15,"37":6,"38":6,"39":5,"40":3,"41":3,"43":54,"44":54,"45":80,"46":80,"47":17,"48":17,"50":4,"51":4,"53":2,"54":2,"55":2,"56":2,"58":2,"59":2,"60":2,"61":2,"62":2,"63":2,"64":2,"65":2,"66":2,"72":1,"73":7,"75":6,"76":6,"77":2,"78":4,"79":1,"80":3,"81":1,"82":2,"84":7,"85":7,"86":7,"87":7,"89":7,"91":7,"92":7,"93":7,"94":7,"95":7,"96":7,"97":7,"98":7,"99":7,"100":7,"101":7,"102":7,"103":7,"104":7,"106":1,"107":4,"108":3,"109":4,"110":4,"111":4},"branchMap":{"0":{"type":"branch","line":22,"loc":{"start":{"line":22,"column":0},"end":{"line":24,"column":1}},"locations":[{"start":{"line":22,"column":0},"end":{"line":24,"column":1}}]},"1":{"type":"branch","line":23,"loc":{"start":{"line":23,"column":26},"end":{"line":23,"column":53}},"locations":[{"start":{"line":23,"column":26},"end":{"line":23,"column":53}}]},"2":{"type":"branch","line":26,"loc":{"start":{"line":26,"column":0},"end":{"line":36,"column":1}},"locations":[{"start":{"line":26,"column":0},"end":{"line":36,"column":1}}]},"3":{"type":"branch","line":27,"loc":{"start":{"line":27,"column":23},"end":{"line":27,"column":49}},"locations":[{"start":{"line":27,"column":23},"end":{"line":27,"column":49}}]},"4":{"type":"branch","line":27,"loc":{"start":{"line":27,"column":49},"end":{"line":27,"column":69}},"locations":[{"start":{"line":27,"column":49},"end":{"line":27,"column":69}}]},"5":{"type":"branch","line":27,"loc":{"start":{"line":27,"column":67},"end":{"line":28,"column":28}},"locations":[{"start":{"line":27,"column":67},"end":{"line":28,"column":28}}]},"6":{"type":"branch","line":28,"loc":{"start":{"line":28,"column":28},"end":{"line":31,"column":3}},"locations":[{"start":{"line":28,"column":28},"end":{"line":31,"column":3}}]},"7":{"type":"branch","line":30,"loc":{"start":{"line":30,"column":50},"end":{"line":30,"column":64}},"locations":[{"start":{"line":30,"column":50},"end":{"line":30,"column":64}}]},"8":{"type":"branch","line":31,"loc":{"start":{"line":31,"column":2},"end":{"line":32,"column":25}},"locations":[{"start":{"line":31,"column":2},"end":{"line":32,"column":25}}]},"9":{"type":"branch","line":32,"loc":{"start":{"line":32,"column":20},"end":{"line":32,"column":60}},"locations":[{"start":{"line":32,"column":20},"end":{"line":32,"column":60}}]},"10":{"type":"branch","line":32,"loc":{"start":{"line":32,"column":48},"end":{"line":32,"column":80}},"locations":[{"start":{"line":32,"column":48},"end":{"line":32,"column":80}}]},"11":{"type":"branch","line":32,"loc":{"start":{"line":32,"column":80},"end":{"line":34,"column":3}},"locations":[{"start":{"line":32,"column":80},"end":{"line":34,"column":3}}]},"12":{"type":"branch","line":34,"loc":{"start":{"line":34,"column":2},"end":{"line":36,"column":1}},"locations":[{"start":{"line":34,"column":2},"end":{"line":36,"column":1}}]},"13":{"type":"branch","line":29,"loc":{"start":{"line":29,"column":29},"end":{"line":29,"column":78}},"locations":[{"start":{"line":29,"column":29},"end":{"line":29,"column":78}}]},"14":{"type":"branch","line":38,"loc":{"start":{"line":38,"column":0},"end":{"line":42,"column":1}},"locations":[{"start":{"line":38,"column":0},"end":{"line":42,"column":1}}]},"15":{"type":"branch","line":39,"loc":{"start":{"line":39,"column":23},"end":{"line":39,"column":49}},"locations":[{"start":{"line":39,"column":23},"end":{"line":39,"column":49}}]},"16":{"type":"branch","line":39,"loc":{"start":{"line":39,"column":49},"end":{"line":39,"column":71}},"locations":[{"start":{"line":39,"column":49},"end":{"line":39,"column":71}}]},"17":{"type":"branch","line":39,"loc":{"start":{"line":39,"column":69},"end":{"line":42,"column":1}},"locations":[{"start":{"line":39,"column":69},"end":{"line":42,"column":1}}]},"18":{"type":"branch","line":40,"loc":{"start":{"line":40,"column":29},"end":{"line":40,"column":39}},"locations":[{"start":{"line":40,"column":29},"end":{"line":40,"column":39}}]},"19":{"type":"branch","line":40,"loc":{"start":{"line":40,"column":37},"end":{"line":42,"column":1}},"locations":[{"start":{"line":40,"column":37},"end":{"line":42,"column":1}}]},"20":{"type":"branch","line":41,"loc":{"start":{"line":41,"column":22},"end":{"line":41,"column":96}},"locations":[{"start":{"line":41,"column":22},"end":{"line":41,"column":96}}]},"21":{"type":"branch","line":41,"loc":{"start":{"line":41,"column":102},"end":{"line":41,"column":123}},"locations":[{"start":{"line":41,"column":102},"end":{"line":41,"column":123}}]},"22":{"type":"branch","line":44,"loc":{"start":{"line":44,"column":0},"end":{"line":49,"column":1}},"locations":[{"start":{"line":44,"column":0},"end":{"line":49,"column":1}}]},"23":{"type":"branch","line":45,"loc":{"start":{"line":45,"column":26},"end":{"line":47,"column":3}},"locations":[{"start":{"line":45,"column":26},"end":{"line":47,"column":3}}]},"24":{"type":"branch","line":46,"loc":{"start":{"line":46,"column":24},"end":{"line":46,"column":59}},"locations":[{"start":{"line":46,"column":24},"end":{"line":46,"column":59}}]},"25":{"type":"branch","line":46,"loc":{"start":{"line":46,"column":59},"end":{"line":46,"column":78}},"locations":[{"start":{"line":46,"column":59},"end":{"line":46,"column":78}}]},"26":{"type":"branch","line":47,"loc":{"start":{"line":47,"column":2},"end":{"line":49,"column":1}},"locations":[{"start":{"line":47,"column":2},"end":{"line":49,"column":1}}]},"27":{"type":"branch","line":51,"loc":{"start":{"line":51,"column":0},"end":{"line":67,"column":1}},"locations":[{"start":{"line":51,"column":0},"end":{"line":67,"column":1}}]},"28":{"type":"branch","line":52,"loc":{"start":{"line":52,"column":29},"end":{"line":67,"column":1}},"locations":[{"start":{"line":52,"column":29},"end":{"line":67,"column":1}}]},"29":{"type":"branch","line":54,"loc":{"start":{"line":54,"column":23},"end":{"line":66,"column":3}},"locations":[{"start":{"line":54,"column":23},"end":{"line":66,"column":3}}]},"30":{"type":"branch","line":55,"loc":{"start":{"line":55,"column":25},"end":{"line":55,"column":35}},"locations":[{"start":{"line":55,"column":25},"end":{"line":55,"column":35}}]},"31":{"type":"branch","line":57,"loc":{"start":{"line":57,"column":23},"end":{"line":57,"column":33}},"locations":[{"start":{"line":57,"column":23},"end":{"line":57,"column":33}}]},"32":{"type":"branch","line":59,"loc":{"start":{"line":59,"column":54},"end":{"line":59,"column":127}},"locations":[{"start":{"line":59,"column":54},"end":{"line":59,"column":127}}]},"33":{"type":"branch","line":73,"loc":{"start":{"line":73,"column":7},"end":{"line":105,"column":1}},"locations":[{"start":{"line":73,"column":7},"end":{"line":105,"column":1}}]},"34":{"type":"branch","line":74,"loc":{"start":{"line":74,"column":26},"end":{"line":74,"column":38}},"locations":[{"start":{"line":74,"column":26},"end":{"line":74,"column":38}}]},"35":{"type":"branch","line":74,"loc":{"start":{"line":74,"column":33},"end":{"line":77,"column":43}},"locations":[{"start":{"line":74,"column":33},"end":{"line":77,"column":43}}]},"36":{"type":"branch","line":77,"loc":{"start":{"line":77,"column":42},"end":{"line":78,"column":21}},"locations":[{"start":{"line":77,"column":42},"end":{"line":78,"column":21}}]},"37":{"type":"branch","line":78,"loc":{"start":{"line":78,"column":14},"end":{"line":83,"column":18}},"locations":[{"start":{"line":78,"column":14},"end":{"line":83,"column":18}}]},"38":{"type":"branch","line":79,"loc":{"start":{"line":79,"column":27},"end":{"line":79,"column":62}},"locations":[{"start":{"line":79,"column":27},"end":{"line":79,"column":62}}]},"39":{"type":"branch","line":79,"loc":{"start":{"line":79,"column":61},"end":{"line":80,"column":28}},"locations":[{"start":{"line":79,"column":61},"end":{"line":80,"column":28}}]},"40":{"type":"branch","line":80,"loc":{"start":{"line":80,"column":21},"end":{"line":83,"column":18}},"locations":[{"start":{"line":80,"column":21},"end":{"line":83,"column":18}}]},"41":{"type":"branch","line":81,"loc":{"start":{"line":81,"column":29},"end":{"line":82,"column":22}},"locations":[{"start":{"line":81,"column":29},"end":{"line":82,"column":22}}]},"42":{"type":"branch","line":82,"loc":{"start":{"line":82,"column":18},"end":{"line":83,"column":18}},"locations":[{"start":{"line":82,"column":18},"end":{"line":83,"column":18}}]},"43":{"type":"branch","line":88,"loc":{"start":{"line":88,"column":7},"end":{"line":88,"column":34}},"locations":[{"start":{"line":88,"column":7},"end":{"line":88,"column":34}}]},"44":{"type":"branch","line":88,"loc":{"start":{"line":88,"column":21},"end":{"line":88,"column":46}},"locations":[{"start":{"line":88,"column":21},"end":{"line":88,"column":46}}]},"45":{"type":"branch","line":88,"loc":{"start":{"line":88,"column":35},"end":{"line":88,"column":71}},"locations":[{"start":{"line":88,"column":35},"end":{"line":88,"column":71}}]},"46":{"type":"branch","line":88,"loc":{"start":{"line":88,"column":71},"end":{"line":90,"column":76}},"locations":[{"start":{"line":88,"column":71},"end":{"line":90,"column":76}}]},"47":{"type":"branch","line":88,"loc":{"start":{"line":88,"column":71},"end":{"line":88,"column":83}},"locations":[{"start":{"line":88,"column":71},"end":{"line":88,"column":83}}]},"48":{"type":"branch","line":88,"loc":{"start":{"line":88,"column":78},"end":{"line":90,"column":76}},"locations":[{"start":{"line":88,"column":78},"end":{"line":90,"column":76}}]},"49":{"type":"branch","line":90,"loc":{"start":{"line":90,"column":71},"end":{"line":90,"column":95}},"locations":[{"start":{"line":90,"column":71},"end":{"line":90,"column":95}}]},"50":{"type":"branch","line":90,"loc":{"start":{"line":90,"column":76},"end":{"line":90,"column":105}},"locations":[{"start":{"line":90,"column":76},"end":{"line":90,"column":105}}]},"51":{"type":"branch","line":107,"loc":{"start":{"line":107,"column":7},"end":{"line":112,"column":1}},"locations":[{"start":{"line":107,"column":7},"end":{"line":112,"column":1}}]},"52":{"type":"branch","line":108,"loc":{"start":{"line":108,"column":14},"end":{"line":108,"column":31}},"locations":[{"start":{"line":108,"column":14},"end":{"line":108,"column":31}}]},"53":{"type":"branch","line":108,"loc":{"start":{"line":108,"column":21},"end":{"line":110,"column":32}},"locations":[{"start":{"line":108,"column":21},"end":{"line":110,"column":32}}]},"54":{"type":"branch","line":110,"loc":{"start":{"line":110,"column":20},"end":{"line":110,"column":38}},"locations":[{"start":{"line":110,"column":20},"end":{"line":110,"column":38}}]},"55":{"type":"branch","line":110,"loc":{"start":{"line":110,"column":33},"end":{"line":110,"column":97}},"locations":[{"start":{"line":110,"column":33},"end":{"line":110,"column":97}}]},"56":{"type":"branch","line":111,"loc":{"start":{"line":111,"column":9},"end":{"line":111,"column":25}},"locations":[{"start":{"line":111,"column":9},"end":{"line":111,"column":25}}]}},"b":{"0":[40],"1":[16],"2":[48],"3":[31],"4":[31],"5":[17],"6":[1],"7":[0],"8":[16],"9":[1],"10":[1],"11":[1],"12":[15],"13":[1],"14":[6],"15":[1],"16":[1],"17":[5],"18":[2],"19":[3],"20":[3],"21":[3],"22":[54],"23":[80],"24":[37],"25":[37],"26":[17],"27":[4],"28":[2],"29":[2],"30":[0],"31":[0],"32":[0],"33":[7],"34":[1],"35":[6],"36":[2],"37":[4],"38":[2],"39":[1],"40":[3],"41":[1],"42":[2],"43":[5],"44":[4],"45":[4],"46":[6],"47":[2],"48":[4],"49":[0],"50":[0],"51":[4],"52":[1],"53":[3],"54":[2],"55":[1],"56":[3]},"fnMap":{"0":{"name":"isRecord","decl":{"start":{"line":22,"column":0},"end":{"line":24,"column":1}},"loc":{"start":{"line":22,"column":0},"end":{"line":24,"column":1}},"line":22},"1":{"name":"firstString","decl":{"start":{"line":26,"column":0},"end":{"line":36,"column":1}},"loc":{"start":{"line":26,"column":0},"end":{"line":36,"column":1}},"line":26},"2":{"name":"stringArray","decl":{"start":{"line":38,"column":0},"end":{"line":42,"column":1}},"loc":{"start":{"line":38,"column":0},"end":{"line":42,"column":1}},"line":38},"3":{"name":"readField","decl":{"start":{"line":44,"column":0},"end":{"line":49,"column":1}},"loc":{"start":{"line":44,"column":0},"end":{"line":49,"column":1}},"line":44},"4":{"name":"normalizeAttachments","decl":{"start":{"line":51,"column":0},"end":{"line":67,"column":1}},"loc":{"start":{"line":51,"column":0},"end":{"line":67,"column":1}},"line":51},"5":{"name":"normalizeAgentMailWebhook","decl":{"start":{"line":73,"column":7},"end":{"line":105,"column":1}},"loc":{"start":{"line":73,"column":7},"end":{"line":105,"column":1}},"line":73},"6":{"name":"extractEmailAddress","decl":{"start":{"line":107,"column":7},"end":{"line":112,"column":1}},"loc":{"start":{"line":107,"column":7},"end":{"line":112,"column":1}},"line":107}},"f":{"0":40,"1":48,"2":6,"3":54,"4":4,"5":7,"6":4}}
,"D:\\ClaimHero\\convex\\lib\\aggregates.ts": {"path":"D:\\ClaimHero\\convex\\lib\\aggregates.ts","all":false,"statementMap":{"0":{"start":{"line":1,"column":0},"end":{"line":1,"column":55}},"1":{"start":{"line":2,"column":0},"end":{"line":2,"column":47}},"4":{"start":{"line":5,"column":0},"end":{"line":5,"column":51}},"9":{"start":{"line":10,"column":0},"end":{"line":10,"column":26}},"10":{"start":{"line":11,"column":0},"end":{"line":11,"column":49}},"11":{"start":{"line":12,"column":0},"end":{"line":12,"column":53}},"12":{"start":{"line":13,"column":0},"end":{"line":13,"column":86}},"13":{"start":{"line":14,"column":0},"end":{"line":14,"column":3}}},"s":{"0":1,"1":1,"4":1,"9":1,"10":1,"11":1,"12":1,"13":1},"branchMap":{},"b":{},"fnMap":{"0":{"name":"sortKey","decl":{"start":{"line":11,"column":11},"end":{"line":11,"column":49}},"loc":{"start":{"line":11,"column":11},"end":{"line":11,"column":49}},"line":11},"1":{"name":"sumValue","decl":{"start":{"line":12,"column":12},"end":{"line":12,"column":53}},"loc":{"start":{"line":12,"column":12},"end":{"line":12,"column":53}},"line":12},"2":{"name":"namespace","decl":{"start":{"line":13,"column":13},"end":{"line":13,"column":86}},"loc":{"start":{"line":13,"column":13},"end":{"line":13,"column":86}},"line":13}},"f":{"0":0,"1":0,"2":0}}
,"D:\\ClaimHero\\convex\\lib\\aiAdjudicator.ts": {"path":"D:\\ClaimHero\\convex\\lib\\aiAdjudicator.ts","all":false,"statementMap":{"5":{"start":{"line":6,"column":0},"end":{"line":6,"column":83}},"7":{"start":{"line":8,"column":0},"end":{"line":8,"column":83}},"8":{"start":{"line":9,"column":0},"end":{"line":9,"column":27}},"9":{"start":{"line":10,"column":0},"end":{"line":10,"column":41}},"10":{"start":{"line":11,"column":0},"end":{"line":11,"column":68}},"12":{"start":{"line":13,"column":0},"end":{"line":13,"column":67}},"13":{"start":{"line":14,"column":0},"end":{"line":14,"column":48}},"14":{"start":{"line":15,"column":0},"end":{"line":15,"column":81}},"15":{"start":{"line":16,"column":0},"end":{"line":16,"column":1}},"17":{"start":{"line":18,"column":0},"end":{"line":18,"column":70}},"18":{"start":{"line":19,"column":0},"end":{"line":19,"column":65}},"19":{"start":{"line":20,"column":0},"end":{"line":20,"column":49}},"20":{"start":{"line":21,"column":0},"end":{"line":21,"column":1}},"22":{"start":{"line":23,"column":0},"end":{"line":23,"column":47}},"23":{"start":{"line":24,"column":0},"end":{"line":24,"column":75}},"24":{"start":{"line":25,"column":0},"end":{"line":25,"column":11}},"25":{"start":{"line":26,"column":0},"end":{"line":26,"column":37}},"26":{"start":{"line":27,"column":0},"end":{"line":27,"column":15}},"27":{"start":{"line":28,"column":0},"end":{"line":28,"column":23}},"28":{"start":{"line":29,"column":0},"end":{"line":29,"column":18}},"29":{"start":{"line":30,"column":0},"end":{"line":30,"column":40}},"30":{"start":{"line":31,"column":0},"end":{"line":31,"column":51}},"31":{"start":{"line":32,"column":0},"end":{"line":32,"column":37}},"32":{"start":{"line":33,"column":0},"end":{"line":33,"column":75}},"33":{"start":{"line":34,"column":0},"end":{"line":34,"column":6}},"34":{"start":{"line":35,"column":0},"end":{"line":35,"column":27}},"35":{"start":{"line":36,"column":0},"end":{"line":36,"column":1}}},"s":{"5":1,"7":1,"8":11,"9":9,"10":11,"12":11,"13":11,"14":11,"15":11,"17":1,"18":2,"19":2,"20":2,"22":1,"23":2,"24":2,"25":2,"26":2,"27":2,"28":5,"29":5,"30":3,"31":2,"32":5,"33":2,"34":2,"35":2},"branchMap":{"0":{"type":"branch","line":8,"loc":{"start":{"line":8,"column":7},"end":{"line":16,"column":1}},"locations":[{"start":{"line":8,"column":7},"end":{"line":16,"column":1}}]},"1":{"type":"branch","line":9,"loc":{"start":{"line":9,"column":14},"end":{"line":9,"column":27}},"locations":[{"start":{"line":9,"column":14},"end":{"line":9,"column":27}}]},"2":{"type":"branch","line":9,"loc":{"start":{"line":9,"column":21},"end":{"line":11,"column":63}},"locations":[{"start":{"line":9,"column":21},"end":{"line":11,"column":63}}]},"3":{"type":"branch","line":11,"loc":{"start":{"line":11,"column":56},"end":{"line":11,"column":68}},"locations":[{"start":{"line":11,"column":56},"end":{"line":11,"column":68}}]},"4":{"type":"branch","line":11,"loc":{"start":{"line":11,"column":63},"end":{"line":13,"column":50}},"locations":[{"start":{"line":11,"column":63},"end":{"line":13,"column":50}}]},"5":{"type":"branch","line":13,"loc":{"start":{"line":13,"column":46},"end":{"line":13,"column":56}},"locations":[{"start":{"line":13,"column":46},"end":{"line":13,"column":56}}]},"6":{"type":"branch","line":13,"loc":{"start":{"line":13,"column":51},"end":{"line":13,"column":67}},"locations":[{"start":{"line":13,"column":51},"end":{"line":13,"column":67}}]},"7":{"type":"branch","line":14,"loc":{"start":{"line":14,"column":40},"end":{"line":14,"column":48}},"locations":[{"start":{"line":14,"column":40},"end":{"line":14,"column":48}}]},"8":{"type":"branch","line":15,"loc":{"start":{"line":15,"column":42},"end":{"line":15,"column":81}},"locations":[{"start":{"line":15,"column":42},"end":{"line":15,"column":81}}]},"9":{"type":"branch","line":18,"loc":{"start":{"line":18,"column":7},"end":{"line":21,"column":1}},"locations":[{"start":{"line":18,"column":7},"end":{"line":21,"column":1}}]},"10":{"type":"branch","line":23,"loc":{"start":{"line":23,"column":7},"end":{"line":36,"column":1}},"locations":[{"start":{"line":23,"column":7},"end":{"line":36,"column":1}}]},"11":{"type":"branch","line":28,"loc":{"start":{"line":28,"column":9},"end":{"line":34,"column":5}},"locations":[{"start":{"line":28,"column":9},"end":{"line":34,"column":5}}]},"12":{"type":"branch","line":30,"loc":{"start":{"line":30,"column":30},"end":{"line":31,"column":51}},"locations":[{"start":{"line":30,"column":30},"end":{"line":31,"column":51}}]},"13":{"type":"branch","line":31,"loc":{"start":{"line":31,"column":12},"end":{"line":32,"column":37}},"locations":[{"start":{"line":31,"column":12},"end":{"line":32,"column":37}}]}},"b":{"0":[11],"1":[2],"2":[9],"3":[3],"4":[6],"5":[2],"6":[4],"7":[0],"8":[4],"9":[2],"10":[2],"11":[5],"12":[3],"13":[2]},"fnMap":{"0":{"name":"isAiAdjudicatorAddress","decl":{"start":{"line":8,"column":7},"end":{"line":16,"column":1}},"loc":{"start":{"line":8,"column":7},"end":{"line":16,"column":1}},"line":8},"1":{"name":"buildAiAdjudicatorAddress","decl":{"start":{"line":18,"column":7},"end":{"line":21,"column":1}},"loc":{"start":{"line":18,"column":7},"end":{"line":21,"column":1}},"line":18},"2":{"name":"formatCorrespondenceTranscript","decl":{"start":{"line":23,"column":7},"end":{"line":36,"column":1}},"loc":{"start":{"line":23,"column":7},"end":{"line":36,"column":1}},"line":23}},"f":{"0":11,"1":2,"2":2}}
,"D:\\ClaimHero\\convex\\lib\\appealEmail.ts": {"path":"D:\\ClaimHero\\convex\\lib\\appealEmail.ts","all":false,"statementMap":{"16":{"start":{"line":17,"column":0},"end":{"line":17,"column":44}},"17":{"start":{"line":18,"column":0},"end":{"line":18,"column":14}},"18":{"start":{"line":19,"column":0},"end":{"line":19,"column":27}},"19":{"start":{"line":20,"column":0},"end":{"line":20,"column":26}},"20":{"start":{"line":21,"column":0},"end":{"line":21,"column":26}},"21":{"start":{"line":22,"column":0},"end":{"line":22,"column":28}},"22":{"start":{"line":23,"column":0},"end":{"line":23,"column":28}},"23":{"start":{"line":24,"column":0},"end":{"line":24,"column":1}},"25":{"start":{"line":26,"column":0},"end":{"line":26,"column":49}},"26":{"start":{"line":27,"column":0},"end":{"line":27,"column":14}},"27":{"start":{"line":28,"column":0},"end":{"line":28,"column":23}},"28":{"start":{"line":29,"column":0},"end":{"line":29,"column":32}},"29":{"start":{"line":30,"column":0},"end":{"line":30,"column":34}},"30":{"start":{"line":31,"column":0},"end":{"line":31,"column":32}},"31":{"start":{"line":32,"column":0},"end":{"line":32,"column":44}},"32":{"start":{"line":33,"column":0},"end":{"line":33,"column":12}},"33":{"start":{"line":34,"column":0},"end":{"line":34,"column":1}},"35":{"start":{"line":36,"column":0},"end":{"line":36,"column":58}},"36":{"start":{"line":37,"column":0},"end":{"line":37,"column":7}},"37":{"start":{"line":38,"column":0},"end":{"line":38,"column":38}},"38":{"start":{"line":39,"column":0},"end":{"line":39,"column":94}},"39":{"start":{"line":40,"column":0},"end":{"line":40,"column":11}},"40":{"start":{"line":41,"column":0},"end":{"line":41,"column":21}},"41":{"start":{"line":42,"column":0},"end":{"line":42,"column":3}},"42":{"start":{"line":43,"column":0},"end":{"line":43,"column":1}},"44":{"start":{"line":45,"column":0},"end":{"line":45,"column":44}},"45":{"start":{"line":46,"column":0},"end":{"line":46,"column":51}},"46":{"start":{"line":47,"column":0},"end":{"line":47,"column":16}},"47":{"start":{"line":48,"column":0},"end":{"line":48,"column":20}},"48":{"start":{"line":49,"column":0},"end":{"line":49,"column":36}},"50":{"start":{"line":51,"column":0},"end":{"line":51,"column":54}},"51":{"start":{"line":52,"column":0},"end":{"line":52,"column":77}},"52":{"start":{"line":53,"column":0},"end":{"line":53,"column":62}},"53":{"start":{"line":54,"column":0},"end":{"line":54,"column":46}},"54":{"start":{"line":55,"column":0},"end":{"line":55,"column":16}},"55":{"start":{"line":56,"column":0},"end":{"line":56,"column":171}},"56":{"start":{"line":57,"column":0},"end":{"line":57,"column":14}},"57":{"start":{"line":58,"column":0},"end":{"line":58,"column":46}},"58":{"start":{"line":59,"column":0},"end":{"line":59,"column":3}},"60":{"start":{"line":61,"column":0},"end":{"line":61,"column":68}},"61":{"start":{"line":62,"column":0},"end":{"line":62,"column":1}},"63":{"start":{"line":64,"column":0},"end":{"line":64,"column":44}},"64":{"start":{"line":65,"column":0},"end":{"line":65,"column":32}},"65":{"start":{"line":66,"column":0},"end":{"line":66,"column":1}},"67":{"start":{"line":68,"column":0},"end":{"line":68,"column":64}},"68":{"start":{"line":69,"column":0},"end":{"line":69,"column":31}},"69":{"start":{"line":70,"column":0},"end":{"line":70,"column":57}},"70":{"start":{"line":71,"column":0},"end":{"line":71,"column":27}},"72":{"start":{"line":73,"column":0},"end":{"line":73,"column":37}},"73":{"start":{"line":74,"column":0},"end":{"line":74,"column":103}},"74":{"start":{"line":75,"column":0},"end":{"line":75,"column":18}},"75":{"start":{"line":76,"column":0},"end":{"line":76,"column":19}},"76":{"start":{"line":77,"column":0},"end":{"line":77,"column":20}},"77":{"start":{"line":78,"column":0},"end":{"line":78,"column":20}},"78":{"start":{"line":79,"column":0},"end":{"line":79,"column":5}},"79":{"start":{"line":80,"column":0},"end":{"line":80,"column":1}},"81":{"start":{"line":82,"column":0},"end":{"line":82,"column":68}},"82":{"start":{"line":83,"column":0},"end":{"line":83,"column":31}},"84":{"start":{"line":85,"column":0},"end":{"line":85,"column":14}},"85":{"start":{"line":86,"column":0},"end":{"line":86,"column":152}},"86":{"start":{"line":87,"column":0},"end":{"line":87,"column":27}},"87":{"start":{"line":88,"column":0},"end":{"line":88,"column":12}},"88":{"start":{"line":89,"column":0},"end":{"line":89,"column":1}},"90":{"start":{"line":91,"column":0},"end":{"line":91,"column":44}},"91":{"start":{"line":92,"column":0},"end":{"line":92,"column":30}},"92":{"start":{"line":93,"column":0},"end":{"line":93,"column":80}},"93":{"start":{"line":94,"column":0},"end":{"line":94,"column":1}},"95":{"start":{"line":96,"column":0},"end":{"line":96,"column":50}},"96":{"start":{"line":97,"column":0},"end":{"line":97,"column":75}},"97":{"start":{"line":98,"column":0},"end":{"line":98,"column":1}},"99":{"start":{"line":100,"column":0},"end":{"line":100,"column":48}},"100":{"start":{"line":101,"column":0},"end":{"line":101,"column":13}},"101":{"start":{"line":102,"column":0},"end":{"line":102,"column":11}},"102":{"start":{"line":103,"column":0},"end":{"line":103,"column":23}},"103":{"start":{"line":104,"column":0},"end":{"line":104,"column":23}},"104":{"start":{"line":105,"column":0},"end":{"line":105,"column":15}},"105":{"start":{"line":106,"column":0},"end":{"line":106,"column":21}},"106":{"start":{"line":107,"column":0},"end":{"line":107,"column":1}},"108":{"start":{"line":109,"column":0},"end":{"line":109,"column":43}},"109":{"start":{"line":110,"column":0},"end":{"line":110,"column":40}},"110":{"start":{"line":111,"column":0},"end":{"line":111,"column":1}},"112":{"start":{"line":113,"column":0},"end":{"line":113,"column":50}},"113":{"start":{"line":114,"column":0},"end":{"line":114,"column":46}},"114":{"start":{"line":115,"column":0},"end":{"line":115,"column":1}},"116":{"start":{"line":117,"column":0},"end":{"line":117,"column":46}},"117":{"start":{"line":118,"column":0},"end":{"line":118,"column":31}},"118":{"start":{"line":119,"column":0},"end":{"line":119,"column":1}},"120":{"start":{"line":121,"column":0},"end":{"line":121,"column":59}},"121":{"start":{"line":122,"column":0},"end":{"line":122,"column":47}},"122":{"start":{"line":123,"column":0},"end":{"line":123,"column":1}},"124":{"start":{"line":125,"column":0},"end":{"line":125,"column":50}},"125":{"start":{"line":126,"column":0},"end":{"line":126,"column":10}},"126":{"start":{"line":127,"column":0},"end":{"line":127,"column":22}},"127":{"start":{"line":128,"column":0},"end":{"line":128,"column":29}},"128":{"start":{"line":129,"column":0},"end":{"line":129,"column":25}},"129":{"start":{"line":130,"column":0},"end":{"line":130,"column":31}},"130":{"start":{"line":131,"column":0},"end":{"line":131,"column":20}},"132":{"start":{"line":133,"column":0},"end":{"line":133,"column":1}},"134":{"start":{"line":135,"column":0},"end":{"line":135,"column":71}},"135":{"start":{"line":136,"column":0},"end":{"line":136,"column":47}},"136":{"start":{"line":137,"column":0},"end":{"line":137,"column":49}},"137":{"start":{"line":138,"column":0},"end":{"line":138,"column":256}},"138":{"start":{"line":139,"column":0},"end":{"line":139,"column":268}},"139":{"start":{"line":140,"column":0},"end":{"line":140,"column":19}},"140":{"start":{"line":141,"column":0},"end":{"line":141,"column":91}},"141":{"start":{"line":142,"column":0},"end":{"line":142,"column":18}},"143":{"start":{"line":144,"column":0},"end":{"line":144,"column":10}},"144":{"start":{"line":145,"column":0},"end":{"line":145,"column":239}},"145":{"start":{"line":146,"column":0},"end":{"line":146,"column":9}},"146":{"start":{"line":147,"column":0},"end":{"line":147,"column":4}},"147":{"start":{"line":148,"column":0},"end":{"line":148,"column":1}},"149":{"start":{"line":150,"column":0},"end":{"line":150,"column":75}},"150":{"start":{"line":151,"column":0},"end":{"line":151,"column":56}},"151":{"start":{"line":152,"column":0},"end":{"line":152,"column":34}},"152":{"start":{"line":153,"column":0},"end":{"line":153,"column":34}},"153":{"start":{"line":154,"column":0},"end":{"line":154,"column":16}},"155":{"start":{"line":156,"column":0},"end":{"line":156,"column":32}},"156":{"start":{"line":157,"column":0},"end":{"line":157,"column":36}},"157":{"start":{"line":158,"column":0},"end":{"line":158,"column":32}},"159":{"start":{"line":160,"column":0},"end":{"line":160,"column":19}},"160":{"start":{"line":161,"column":0},"end":{"line":161,"column":17}},"161":{"start":{"line":162,"column":0},"end":{"line":162,"column":15}},"162":{"start":{"line":163,"column":0},"end":{"line":163,"column":5}},"164":{"start":{"line":165,"column":0},"end":{"line":165,"column":99}},"165":{"start":{"line":166,"column":0},"end":{"line":166,"column":56}},"166":{"start":{"line":167,"column":0},"end":{"line":167,"column":17}},"167":{"start":{"line":168,"column":0},"end":{"line":168,"column":70}},"168":{"start":{"line":169,"column":0},"end":{"line":169,"column":44}},"169":{"start":{"line":170,"column":0},"end":{"line":170,"column":19}},"170":{"start":{"line":171,"column":0},"end":{"line":171,"column":7}},"171":{"start":{"line":172,"column":0},"end":{"line":172,"column":44}},"172":{"start":{"line":173,"column":0},"end":{"line":173,"column":34}},"173":{"start":{"line":174,"column":0},"end":{"line":174,"column":50}},"174":{"start":{"line":175,"column":0},"end":{"line":175,"column":15}},"175":{"start":{"line":176,"column":0},"end":{"line":176,"column":5}},"177":{"start":{"line":178,"column":0},"end":{"line":178,"column":60}},"178":{"start":{"line":179,"column":0},"end":{"line":179,"column":23}},"179":{"start":{"line":180,"column":0},"end":{"line":180,"column":43}},"180":{"start":{"line":181,"column":0},"end":{"line":181,"column":50}},"181":{"start":{"line":182,"column":0},"end":{"line":182,"column":54}},"182":{"start":{"line":183,"column":0},"end":{"line":183,"column":32}},"183":{"start":{"line":184,"column":0},"end":{"line":184,"column":140}},"184":{"start":{"line":185,"column":0},"end":{"line":185,"column":21}},"185":{"start":{"line":186,"column":0},"end":{"line":186,"column":193}},"186":{"start":{"line":187,"column":0},"end":{"line":187,"column":139}},"187":{"start":{"line":188,"column":0},"end":{"line":188,"column":77}},"188":{"start":{"line":189,"column":0},"end":{"line":189,"column":35}},"189":{"start":{"line":190,"column":0},"end":{"line":190,"column":17}},"190":{"start":{"line":191,"column":0},"end":{"line":191,"column":15}},"191":{"start":{"line":192,"column":0},"end":{"line":192,"column":5}},"193":{"start":{"line":194,"column":0},"end":{"line":194,"column":33}},"194":{"start":{"line":195,"column":0},"end":{"line":195,"column":95}},"195":{"start":{"line":196,"column":0},"end":{"line":196,"column":17}},"196":{"start":{"line":197,"column":0},"end":{"line":197,"column":15}},"197":{"start":{"line":198,"column":0},"end":{"line":198,"column":5}},"199":{"start":{"line":200,"column":0},"end":{"line":200,"column":29}},"200":{"start":{"line":201,"column":0},"end":{"line":201,"column":38}},"201":{"start":{"line":202,"column":0},"end":{"line":202,"column":72}},"202":{"start":{"line":203,"column":0},"end":{"line":203,"column":70}},"203":{"start":{"line":204,"column":0},"end":{"line":204,"column":19}},"204":{"start":{"line":205,"column":0},"end":{"line":205,"column":7}},"205":{"start":{"line":206,"column":0},"end":{"line":206,"column":62}},"206":{"start":{"line":207,"column":0},"end":{"line":207,"column":66}},"207":{"start":{"line":208,"column":0},"end":{"line":208,"column":249}},"208":{"start":{"line":209,"column":0},"end":{"line":209,"column":45}},"209":{"start":{"line":210,"column":0},"end":{"line":210,"column":15}},"210":{"start":{"line":211,"column":0},"end":{"line":211,"column":5}},"212":{"start":{"line":213,"column":0},"end":{"line":213,"column":42}},"213":{"start":{"line":214,"column":0},"end":{"line":214,"column":24}},"214":{"start":{"line":215,"column":0},"end":{"line":215,"column":51}},"215":{"start":{"line":216,"column":0},"end":{"line":216,"column":33}},"216":{"start":{"line":217,"column":0},"end":{"line":217,"column":36}},"217":{"start":{"line":218,"column":0},"end":{"line":218,"column":52}},"218":{"start":{"line":219,"column":0},"end":{"line":219,"column":64}},"219":{"start":{"line":220,"column":0},"end":{"line":220,"column":29}},"220":{"start":{"line":221,"column":0},"end":{"line":221,"column":19}},"221":{"start":{"line":222,"column":0},"end":{"line":222,"column":7}},"222":{"start":{"line":223,"column":0},"end":{"line":223,"column":40}},"223":{"start":{"line":224,"column":0},"end":{"line":224,"column":87}},"224":{"start":{"line":225,"column":0},"end":{"line":225,"column":237}},"225":{"start":{"line":226,"column":0},"end":{"line":226,"column":127}},"226":{"start":{"line":227,"column":0},"end":{"line":227,"column":15}},"227":{"start":{"line":228,"column":0},"end":{"line":228,"column":5}},"229":{"start":{"line":230,"column":0},"end":{"line":230,"column":40}},"230":{"start":{"line":231,"column":0},"end":{"line":231,"column":34}},"231":{"start":{"line":232,"column":0},"end":{"line":232,"column":47}},"232":{"start":{"line":233,"column":0},"end":{"line":233,"column":105}},"233":{"start":{"line":234,"column":0},"end":{"line":234,"column":48}},"234":{"start":{"line":235,"column":0},"end":{"line":235,"column":17}},"235":{"start":{"line":236,"column":0},"end":{"line":236,"column":5}},"236":{"start":{"line":237,"column":0},"end":{"line":237,"column":68}},"237":{"start":{"line":238,"column":0},"end":{"line":238,"column":72}},"238":{"start":{"line":239,"column":0},"end":{"line":239,"column":120}},"239":{"start":{"line":240,"column":0},"end":{"line":240,"column":35}},"240":{"start":{"line":241,"column":0},"end":{"line":241,"column":3}},"242":{"start":{"line":243,"column":0},"end":{"line":243,"column":10}},"243":{"start":{"line":244,"column":0},"end":{"line":244,"column":32}},"244":{"start":{"line":245,"column":0},"end":{"line":245,"column":60}},"245":{"start":{"line":246,"column":0},"end":{"line":246,"column":4}},"246":{"start":{"line":247,"column":0},"end":{"line":247,"column":1}},"248":{"start":{"line":249,"column":0},"end":{"line":249,"column":54}},"249":{"start":{"line":250,"column":0},"end":{"line":250,"column":56}},"250":{"start":{"line":251,"column":0},"end":{"line":251,"column":78}},"251":{"start":{"line":252,"column":0},"end":{"line":252,"column":87}},"252":{"start":{"line":253,"column":0},"end":{"line":253,"column":20}},"253":{"start":{"line":254,"column":0},"end":{"line":254,"column":3}},"255":{"start":{"line":256,"column":0},"end":{"line":256,"column":97}},"256":{"start":{"line":257,"column":0},"end":{"line":257,"column":1}},"258":{"start":{"line":259,"column":0},"end":{"line":259,"column":58}},"259":{"start":{"line":260,"column":0},"end":{"line":260,"column":57}},"260":{"start":{"line":261,"column":0},"end":{"line":261,"column":1}},"262":{"start":{"line":263,"column":0},"end":{"line":263,"column":68}},"263":{"start":{"line":264,"column":0},"end":{"line":264,"column":85}},"264":{"start":{"line":265,"column":0},"end":{"line":265,"column":1}},"266":{"start":{"line":267,"column":0},"end":{"line":267,"column":81}},"267":{"start":{"line":268,"column":0},"end":{"line":268,"column":44}},"268":{"start":{"line":269,"column":0},"end":{"line":269,"column":53}},"269":{"start":{"line":270,"column":0},"end":{"line":270,"column":45}},"270":{"start":{"line":271,"column":0},"end":{"line":271,"column":37}},"271":{"start":{"line":272,"column":0},"end":{"line":272,"column":64}},"272":{"start":{"line":273,"column":0},"end":{"line":273,"column":54}},"273":{"start":{"line":274,"column":0},"end":{"line":274,"column":58}},"274":{"start":{"line":275,"column":0},"end":{"line":275,"column":59}},"275":{"start":{"line":276,"column":0},"end":{"line":276,"column":4}},"276":{"start":{"line":277,"column":0},"end":{"line":277,"column":75}},"277":{"start":{"line":278,"column":0},"end":{"line":278,"column":56}},"278":{"start":{"line":279,"column":0},"end":{"line":279,"column":57}},"279":{"start":{"line":280,"column":0},"end":{"line":280,"column":18}},"280":{"start":{"line":281,"column":0},"end":{"line":281,"column":9}},"281":{"start":{"line":282,"column":0},"end":{"line":282,"column":1}},"283":{"start":{"line":284,"column":0},"end":{"line":284,"column":98}},"284":{"start":{"line":285,"column":0},"end":{"line":285,"column":44}},"285":{"start":{"line":286,"column":0},"end":{"line":286,"column":56}},"286":{"start":{"line":287,"column":0},"end":{"line":287,"column":48}},"287":{"start":{"line":288,"column":0},"end":{"line":288,"column":294}},"288":{"start":{"line":289,"column":0},"end":{"line":289,"column":91}},"290":{"start":{"line":291,"column":0},"end":{"line":291,"column":10}},"291":{"start":{"line":292,"column":0},"end":{"line":292,"column":597}},"292":{"start":{"line":293,"column":0},"end":{"line":293,"column":136}},"293":{"start":{"line":294,"column":0},"end":{"line":294,"column":4}},"294":{"start":{"line":295,"column":0},"end":{"line":295,"column":1}},"296":{"start":{"line":297,"column":0},"end":{"line":297,"column":28}},"297":{"start":{"line":298,"column":0},"end":{"line":298,"column":30}},"298":{"start":{"line":299,"column":0},"end":{"line":299,"column":16}},"299":{"start":{"line":300,"column":0},"end":{"line":300,"column":19}},"300":{"start":{"line":301,"column":0},"end":{"line":301,"column":16}},"301":{"start":{"line":302,"column":0},"end":{"line":302,"column":19}},"302":{"start":{"line":303,"column":0},"end":{"line":303,"column":45}},"303":{"start":{"line":304,"column":0},"end":{"line":304,"column":62}},"304":{"start":{"line":305,"column":0},"end":{"line":305,"column":40}},"306":{"start":{"line":307,"column":0},"end":{"line":307,"column":10}},"307":{"start":{"line":308,"column":0},"end":{"line":308,"column":345}},"308":{"start":{"line":309,"column":0},"end":{"line":309,"column":66}},"309":{"start":{"line":310,"column":0},"end":{"line":310,"column":4}},"310":{"start":{"line":311,"column":0},"end":{"line":311,"column":1}},"312":{"start":{"line":313,"column":0},"end":{"line":313,"column":98}},"313":{"start":{"line":314,"column":0},"end":{"line":314,"column":28}},"314":{"start":{"line":315,"column":0},"end":{"line":315,"column":12}},"315":{"start":{"line":316,"column":0},"end":{"line":316,"column":46}},"316":{"start":{"line":317,"column":0},"end":{"line":317,"column":13}},"317":{"start":{"line":318,"column":0},"end":{"line":318,"column":97}},"318":{"start":{"line":319,"column":0},"end":{"line":319,"column":4}},"319":{"start":{"line":320,"column":0},"end":{"line":320,"column":1}},"321":{"start":{"line":322,"column":0},"end":{"line":322,"column":42}},"322":{"start":{"line":323,"column":0},"end":{"line":323,"column":19}},"323":{"start":{"line":324,"column":0},"end":{"line":324,"column":30}},"324":{"start":{"line":325,"column":0},"end":{"line":325,"column":33}},"325":{"start":{"line":326,"column":0},"end":{"line":326,"column":19}},"326":{"start":{"line":327,"column":0},"end":{"line":327,"column":28}},"327":{"start":{"line":328,"column":0},"end":{"line":328,"column":12}},"328":{"start":{"line":329,"column":0},"end":{"line":329,"column":10}},"329":{"start":{"line":330,"column":0},"end":{"line":330,"column":13}},"330":{"start":{"line":331,"column":0},"end":{"line":331,"column":84}},"331":{"start":{"line":332,"column":0},"end":{"line":332,"column":4}},"332":{"start":{"line":333,"column":0},"end":{"line":333,"column":1}}},"s":{"16":131,"17":131,"18":131,"19":131,"20":131,"21":131,"22":131,"23":131,"25":190,"26":190,"27":190,"28":190,"29":190,"30":190,"31":190,"32":190,"33":190,"35":6,"36":6,"37":6,"38":6,"39":6,"40":2,"41":2,"42":6,"44":62,"45":62,"46":62,"47":62,"48":62,"50":62,"51":6,"52":6,"53":6,"54":6,"55":3,"56":3,"57":6,"58":6,"60":62,"61":62,"63":116,"64":116,"65":116,"67":4,"68":4,"69":3,"70":4,"72":3,"73":3,"74":3,"75":3,"76":3,"77":3,"78":3,"79":3,"81":4,"82":4,"84":3,"85":3,"86":3,"87":3,"88":3,"90":58,"91":58,"92":58,"93":58,"95":5,"96":5,"97":5,"99":10,"100":10,"101":10,"102":10,"103":10,"104":10,"105":10,"106":10,"108":10,"109":10,"110":10,"112":40,"113":40,"114":40,"116":42,"117":42,"118":42,"120":45,"121":45,"122":45,"124":10,"125":10,"126":10,"127":8,"128":6,"129":4,"130":2,"132":10,"134":5,"135":5,"136":5,"137":5,"138":5,"139":5,"140":5,"141":5,"143":5,"144":5,"145":5,"146":5,"147":5,"149":4,"150":4,"151":4,"152":4,"153":4,"155":4,"156":73,"157":73,"159":73,"160":27,"161":27,"162":27,"164":73,"165":5,"166":5,"167":5,"168":5,"169":5,"170":5,"171":5,"172":5,"173":5,"174":5,"175":5,"177":41,"178":73,"179":9,"180":9,"181":9,"182":9,"183":4,"184":5,"185":3,"186":2,"187":9,"188":9,"189":9,"190":9,"191":9,"193":73,"194":4,"195":4,"196":4,"197":4,"199":73,"200":4,"201":4,"202":4,"203":4,"204":4,"205":4,"206":4,"207":4,"208":4,"209":4,"210":4,"212":24,"213":73,"214":7,"215":7,"216":7,"217":17,"218":17,"219":12,"220":12,"221":12,"222":7,"223":7,"224":7,"225":7,"226":7,"227":7,"229":17,"230":73,"231":32,"232":32,"233":17,"234":17,"235":17,"236":17,"237":17,"238":17,"239":17,"240":17,"242":4,"243":4,"244":4,"245":4,"246":4,"248":4,"249":4,"250":4,"251":4,"252":3,"253":3,"255":1,"256":1,"258":27,"259":27,"260":27,"262":4,"263":4,"264":4,"266":4,"267":4,"268":4,"269":4,"270":4,"271":4,"272":4,"273":4,"274":4,"275":4,"276":4,"277":24,"278":24,"279":24,"280":4,"281":4,"283":4,"284":4,"285":4,"286":4,"287":4,"288":4,"290":4,"291":4,"292":4,"293":4,"294":4,"296":4,"297":4,"298":4,"299":4,"300":4,"301":4,"302":4,"303":4,"304":4,"306":4,"307":4,"308":4,"309":4,"310":4,"312":1,"313":2,"314":2,"315":2,"316":2,"317":2,"318":2,"319":2,"321":1,"322":2,"323":2,"324":2,"325":2,"326":2,"327":2,"328":2,"329":2,"330":2,"331":2,"332":2},"branchMap":{"0":{"type":"branch","line":17,"loc":{"start":{"line":17,"column":0},"end":{"line":24,"column":1}},"locations":[{"start":{"line":17,"column":0},"end":{"line":24,"column":1}}]},"1":{"type":"branch","line":26,"loc":{"start":{"line":26,"column":0},"end":{"line":34,"column":1}},"locations":[{"start":{"line":26,"column":0},"end":{"line":34,"column":1}}]},"2":{"type":"branch","line":36,"loc":{"start":{"line":36,"column":0},"end":{"line":43,"column":1}},"locations":[{"start":{"line":36,"column":0},"end":{"line":43,"column":1}}]},"3":{"type":"branch","line":39,"loc":{"start":{"line":39,"column":28},"end":{"line":39,"column":67}},"locations":[{"start":{"line":39,"column":28},"end":{"line":39,"column":67}}]},"4":{"type":"branch","line":39,"loc":{"start":{"line":39,"column":56},"end":{"line":39,"column":84}},"locations":[{"start":{"line":39,"column":56},"end":{"line":39,"column":84}}]},"5":{"type":"branch","line":39,"loc":{"start":{"line":39,"column":80},"end":{"line":39,"column":94}},"locations":[{"start":{"line":39,"column":80},"end":{"line":39,"column":94}}]},"6":{"type":"branch","line":40,"loc":{"start":{"line":40,"column":2},"end":{"line":42,"column":3}},"locations":[{"start":{"line":40,"column":2},"end":{"line":42,"column":3}}]},"7":{"type":"branch","line":45,"loc":{"start":{"line":45,"column":0},"end":{"line":62,"column":1}},"locations":[{"start":{"line":45,"column":0},"end":{"line":62,"column":1}}]},"8":{"type":"branch","line":51,"loc":{"start":{"line":51,"column":53},"end":{"line":59,"column":3}},"locations":[{"start":{"line":51,"column":53},"end":{"line":59,"column":3}}]},"9":{"type":"branch","line":53,"loc":{"start":{"line":53,"column":52},"end":{"line":53,"column":59}},"locations":[{"start":{"line":53,"column":52},"end":{"line":53,"column":59}}]},"10":{"type":"branch","line":54,"loc":{"start":{"line":54,"column":37},"end":{"line":54,"column":44}},"locations":[{"start":{"line":54,"column":37},"end":{"line":54,"column":44}}]},"11":{"type":"branch","line":55,"loc":{"start":{"line":55,"column":12},"end":{"line":56,"column":171}},"locations":[{"start":{"line":55,"column":12},"end":{"line":56,"column":171}}]},"12":{"type":"branch","line":56,"loc":{"start":{"line":56,"column":165},"end":{"line":57,"column":14}},"locations":[{"start":{"line":56,"column":165},"end":{"line":57,"column":14}}]},"13":{"type":"branch","line":64,"loc":{"start":{"line":64,"column":0},"end":{"line":66,"column":1}},"locations":[{"start":{"line":64,"column":0},"end":{"line":66,"column":1}}]},"14":{"type":"branch","line":68,"loc":{"start":{"line":68,"column":0},"end":{"line":80,"column":1}},"locations":[{"start":{"line":68,"column":0},"end":{"line":80,"column":1}}]},"15":{"type":"branch","line":69,"loc":{"start":{"line":69,"column":14},"end":{"line":71,"column":21}},"locations":[{"start":{"line":69,"column":14},"end":{"line":71,"column":21}}]},"16":{"type":"branch","line":69,"loc":{"start":{"line":69,"column":14},"end":{"line":69,"column":31}},"locations":[{"start":{"line":69,"column":14},"end":{"line":69,"column":31}}]},"17":{"type":"branch","line":71,"loc":{"start":{"line":71,"column":14},"end":{"line":71,"column":27}},"locations":[{"start":{"line":71,"column":14},"end":{"line":71,"column":27}}]},"18":{"type":"branch","line":71,"loc":{"start":{"line":71,"column":21},"end":{"line":80,"column":1}},"locations":[{"start":{"line":71,"column":21},"end":{"line":80,"column":1}}]},"19":{"type":"branch","line":82,"loc":{"start":{"line":82,"column":0},"end":{"line":89,"column":1}},"locations":[{"start":{"line":82,"column":0},"end":{"line":89,"column":1}}]},"20":{"type":"branch","line":83,"loc":{"start":{"line":83,"column":14},"end":{"line":89,"column":1}},"locations":[{"start":{"line":83,"column":14},"end":{"line":89,"column":1}}]},"21":{"type":"branch","line":83,"loc":{"start":{"line":83,"column":14},"end":{"line":83,"column":31}},"locations":[{"start":{"line":83,"column":14},"end":{"line":83,"column":31}}]},"22":{"type":"branch","line":91,"loc":{"start":{"line":91,"column":0},"end":{"line":94,"column":1}},"locations":[{"start":{"line":91,"column":0},"end":{"line":94,"column":1}}]},"23":{"type":"branch","line":93,"loc":{"start":{"line":93,"column":31},"end":{"line":93,"column":61}},"locations":[{"start":{"line":93,"column":31},"end":{"line":93,"column":61}}]},"24":{"type":"branch","line":93,"loc":{"start":{"line":93,"column":56},"end":{"line":93,"column":80}},"locations":[{"start":{"line":93,"column":56},"end":{"line":93,"column":80}}]},"25":{"type":"branch","line":96,"loc":{"start":{"line":96,"column":0},"end":{"line":98,"column":1}},"locations":[{"start":{"line":96,"column":0},"end":{"line":98,"column":1}}]},"26":{"type":"branch","line":100,"loc":{"start":{"line":100,"column":0},"end":{"line":107,"column":1}},"locations":[{"start":{"line":100,"column":0},"end":{"line":107,"column":1}}]},"27":{"type":"branch","line":109,"loc":{"start":{"line":109,"column":0},"end":{"line":111,"column":1}},"locations":[{"start":{"line":109,"column":0},"end":{"line":111,"column":1}}]},"28":{"type":"branch","line":113,"loc":{"start":{"line":113,"column":0},"end":{"line":115,"column":1}},"locations":[{"start":{"line":113,"column":0},"end":{"line":115,"column":1}}]},"29":{"type":"branch","line":117,"loc":{"start":{"line":117,"column":0},"end":{"line":119,"column":1}},"locations":[{"start":{"line":117,"column":0},"end":{"line":119,"column":1}}]},"30":{"type":"branch","line":121,"loc":{"start":{"line":121,"column":0},"end":{"line":123,"column":1}},"locations":[{"start":{"line":121,"column":0},"end":{"line":123,"column":1}}]},"31":{"type":"branch","line":125,"loc":{"start":{"line":125,"column":0},"end":{"line":133,"column":1}},"locations":[{"start":{"line":125,"column":0},"end":{"line":133,"column":1}}]},"32":{"type":"branch","line":127,"loc":{"start":{"line":127,"column":18},"end":{"line":128,"column":29}},"locations":[{"start":{"line":127,"column":18},"end":{"line":128,"column":29}}]},"33":{"type":"branch","line":128,"loc":{"start":{"line":128,"column":25},"end":{"line":129,"column":25}},"locations":[{"start":{"line":128,"column":25},"end":{"line":129,"column":25}}]},"34":{"type":"branch","line":129,"loc":{"start":{"line":129,"column":21},"end":{"line":130,"column":31}},"locations":[{"start":{"line":129,"column":21},"end":{"line":130,"column":31}}]},"35":{"type":"branch","line":130,"loc":{"start":{"line":130,"column":27},"end":{"line":131,"column":20}},"locations":[{"start":{"line":130,"column":27},"end":{"line":131,"column":20}}]},"36":{"type":"branch","line":135,"loc":{"start":{"line":135,"column":0},"end":{"line":148,"column":1}},"locations":[{"start":{"line":135,"column":0},"end":{"line":148,"column":1}}]},"37":{"type":"branch","line":136,"loc":{"start":{"line":136,"column":38},"end":{"line":136,"column":45}},"locations":[{"start":{"line":136,"column":38},"end":{"line":136,"column":45}}]},"38":{"type":"branch","line":138,"loc":{"start":{"line":138,"column":32},"end":{"line":138,"column":245}},"locations":[{"start":{"line":138,"column":32},"end":{"line":138,"column":245}}]},"39":{"type":"branch","line":139,"loc":{"start":{"line":139,"column":28},"end":{"line":139,"column":257}},"locations":[{"start":{"line":139,"column":28},"end":{"line":139,"column":257}}]},"40":{"type":"branch","line":139,"loc":{"start":{"line":139,"column":55},"end":{"line":139,"column":240}},"locations":[{"start":{"line":139,"column":55},"end":{"line":139,"column":240}}]},"41":{"type":"branch","line":139,"loc":{"start":{"line":139,"column":225},"end":{"line":139,"column":232}},"locations":[{"start":{"line":139,"column":225},"end":{"line":139,"column":232}}]},"42":{"type":"branch","line":141,"loc":{"start":{"line":141,"column":9},"end":{"line":141,"column":90}},"locations":[{"start":{"line":141,"column":9},"end":{"line":141,"column":90}}]},"43":{"type":"branch","line":141,"loc":{"start":{"line":141,"column":29},"end":{"line":141,"column":78}},"locations":[{"start":{"line":141,"column":29},"end":{"line":141,"column":78}}]},"44":{"type":"branch","line":141,"loc":{"start":{"line":141,"column":69},"end":{"line":141,"column":76}},"locations":[{"start":{"line":141,"column":69},"end":{"line":141,"column":76}}]},"45":{"type":"branch","line":150,"loc":{"start":{"line":150,"column":0},"end":{"line":247,"column":1}},"locations":[{"start":{"line":150,"column":0},"end":{"line":247,"column":1}}]},"46":{"type":"branch","line":156,"loc":{"start":{"line":156,"column":31},"end":{"line":241,"column":3}},"locations":[{"start":{"line":156,"column":31},"end":{"line":241,"column":3}}]},"47":{"type":"branch","line":157,"loc":{"start":{"line":157,"column":28},"end":{"line":157,"column":36}},"locations":[{"start":{"line":157,"column":28},"end":{"line":157,"column":36}}]},"48":{"type":"branch","line":160,"loc":{"start":{"line":160,"column":18},"end":{"line":163,"column":5}},"locations":[{"start":{"line":160,"column":18},"end":{"line":163,"column":5}}]},"49":{"type":"branch","line":163,"loc":{"start":{"line":163,"column":4},"end":{"line":165,"column":28}},"locations":[{"start":{"line":163,"column":4},"end":{"line":165,"column":28}}]},"50":{"type":"branch","line":165,"loc":{"start":{"line":165,"column":23},"end":{"line":165,"column":56}},"locations":[{"start":{"line":165,"column":23},"end":{"line":165,"column":56}}]},"51":{"type":"branch","line":165,"loc":{"start":{"line":165,"column":46},"end":{"line":165,"column":98}},"locations":[{"start":{"line":165,"column":46},"end":{"line":165,"column":98}}]},"52":{"type":"branch","line":165,"loc":{"start":{"line":165,"column":88},"end":{"line":165,"column":95}},"locations":[{"start":{"line":165,"column":88},"end":{"line":165,"column":95}}]},"53":{"type":"branch","line":165,"loc":{"start":{"line":165,"column":98},"end":{"line":176,"column":5}},"locations":[{"start":{"line":165,"column":98},"end":{"line":176,"column":5}}]},"54":{"type":"branch","line":166,"loc":{"start":{"line":166,"column":47},"end":{"line":166,"column":54}},"locations":[{"start":{"line":166,"column":47},"end":{"line":166,"column":54}}]},"55":{"type":"branch","line":168,"loc":{"start":{"line":168,"column":27},"end":{"line":168,"column":69}},"locations":[{"start":{"line":168,"column":27},"end":{"line":168,"column":69}}]},"56":{"type":"branch","line":168,"loc":{"start":{"line":168,"column":59},"end":{"line":168,"column":66}},"locations":[{"start":{"line":168,"column":59},"end":{"line":168,"column":66}}]},"57":{"type":"branch","line":169,"loc":{"start":{"line":169,"column":35},"end":{"line":169,"column":42}},"locations":[{"start":{"line":169,"column":35},"end":{"line":169,"column":42}}]},"58":{"type":"branch","line":176,"loc":{"start":{"line":176,"column":4},"end":{"line":179,"column":22}},"locations":[{"start":{"line":176,"column":4},"end":{"line":179,"column":22}}]},"59":{"type":"branch","line":179,"loc":{"start":{"line":179,"column":22},"end":{"line":192,"column":5}},"locations":[{"start":{"line":179,"column":22},"end":{"line":192,"column":5}}]},"60":{"type":"branch","line":183,"loc":{"start":{"line":183,"column":31},"end":{"line":184,"column":140}},"locations":[{"start":{"line":183,"column":31},"end":{"line":184,"column":140}}]},"61":{"type":"branch","line":184,"loc":{"start":{"line":184,"column":10},"end":{"line":187,"column":139}},"locations":[{"start":{"line":184,"column":10},"end":{"line":187,"column":139}}]},"62":{"type":"branch","line":185,"loc":{"start":{"line":185,"column":20},"end":{"line":186,"column":193}},"locations":[{"start":{"line":185,"column":20},"end":{"line":186,"column":193}}]},"63":{"type":"branch","line":186,"loc":{"start":{"line":186,"column":10},"end":{"line":187,"column":139}},"locations":[{"start":{"line":186,"column":10},"end":{"line":187,"column":139}}]},"64":{"type":"branch","line":192,"loc":{"start":{"line":192,"column":4},"end":{"line":194,"column":32}},"locations":[{"start":{"line":192,"column":4},"end":{"line":194,"column":32}}]},"65":{"type":"branch","line":194,"loc":{"start":{"line":194,"column":32},"end":{"line":198,"column":5}},"locations":[{"start":{"line":194,"column":32},"end":{"line":198,"column":5}}]},"66":{"type":"branch","line":198,"loc":{"start":{"line":198,"column":4},"end":{"line":200,"column":28}},"locations":[{"start":{"line":198,"column":4},"end":{"line":200,"column":28}}]},"67":{"type":"branch","line":200,"loc":{"start":{"line":200,"column":28},"end":{"line":211,"column":5}},"locations":[{"start":{"line":200,"column":28},"end":{"line":211,"column":5}}]},"68":{"type":"branch","line":202,"loc":{"start":{"line":202,"column":27},"end":{"line":202,"column":71}},"locations":[{"start":{"line":202,"column":27},"end":{"line":202,"column":71}}]},"69":{"type":"branch","line":202,"loc":{"start":{"line":202,"column":61},"end":{"line":202,"column":68}},"locations":[{"start":{"line":202,"column":61},"end":{"line":202,"column":68}}]},"70":{"type":"branch","line":203,"loc":{"start":{"line":203,"column":36},"end":{"line":203,"column":45}},"locations":[{"start":{"line":203,"column":36},"end":{"line":203,"column":45}}]},"71":{"t
[...]
,"D:\\ClaimHero\\src\\lib\\utils.ts": {"path":"D:\\ClaimHero\\src\\lib\\utils.ts","all":false,"statementMap":{"0":{"start":{"line":1,"column":0},"end":{"line":1,"column":45}},"1":{"start":{"line":2,"column":0},"end":{"line":2,"column":41}},"2":{"start":{"line":3,"column":0},"end":{"line":3,"column":63}},"8":{"start":{"line":9,"column":0},"end":{"line":9,"column":45}},"9":{"start":{"line":10,"column":0},"end":{"line":10,"column":31}},"10":{"start":{"line":11,"column":0},"end":{"line":11,"column":1}},"16":{"start":{"line":17,"column":0},"end":{"line":17,"column":56}},"17":{"start":{"line":18,"column":0},"end":{"line":18,"column":41}},"18":{"start":{"line":19,"column":0},"end":{"line":19,"column":22}},"19":{"start":{"line":20,"column":0},"end":{"line":20,"column":20}},"20":{"start":{"line":21,"column":0},"end":{"line":21,"column":29}},"21":{"start":{"line":22,"column":0},"end":{"line":22,"column":29}},"22":{"start":{"line":23,"column":0},"end":{"line":23,"column":20}},"23":{"start":{"line":24,"column":0},"end":{"line":24,"column":1}},"28":{"start":{"line":29,"column":0},"end":{"line":29,"column":76}},"29":{"start":{"line":30,"column":0},"end":{"line":30,"column":14}},"30":{"start":{"line":31,"column":0},"end":{"line":31,"column":45}},"31":{"start":{"line":32,"column":0},"end":{"line":32,"column":39}},"32":{"start":{"line":33,"column":0},"end":{"line":33,"column":40}},"34":{"start":{"line":35,"column":0},"end":{"line":35,"column":43}},"35":{"start":{"line":36,"column":0},"end":{"line":36,"column":19}},"36":{"start":{"line":37,"column":0},"end":{"line":37,"column":19}},"37":{"start":{"line":38,"column":0},"end":{"line":38,"column":20}},"38":{"start":{"line":39,"column":0},"end":{"line":39,"column":18}},"39":{"start":{"line":40,"column":0},"end":{"line":40,"column":1}},"44":{"start":{"line":45,"column":0},"end":{"line":45,"column":59}},"45":{"start":{"line":46,"column":0},"end":{"line":46,"column":43}},"46":{"start":{"line":47,"column":0},"end":{"line":47,"column":19}},"47":{"start":{"line":48,"column":0},"end":{"line":48,"column":19}},"48":{"start":{"line":49,"column":0},"end":{"line":49,"column":20}},"49":{"start":{"line":50,"column":0},"end":{"line":50,"column":20}},"50":{"start":{"line":51,"column":0},"end":{"line":51,"column":22}},"51":{"start":{"line":52,"column":0},"end":{"line":52,"column":17}},"52":{"start":{"line":53,"column":0},"end":{"line":53,"column":33}},"53":{"start":{"line":54,"column":0},"end":{"line":54,"column":1}},"58":{"start":{"line":59,"column":0},"end":{"line":59,"column":56}},"63":{"start":{"line":64,"column":0},"end":{"line":64,"column":3}},"64":{"start":{"line":65,"column":0},"end":{"line":65,"column":18}},"65":{"start":{"line":66,"column":0},"end":{"line":66,"column":12}},"66":{"start":{"line":67,"column":0},"end":{"line":67,"column":31}},"67":{"start":{"line":68,"column":0},"end":{"line":68,"column":68}},"68":{"start":{"line":69,"column":0},"end":{"line":69,"column":21}},"69":{"start":{"line":70,"column":0},"end":{"line":70,"column":23}},"70":{"start":{"line":71,"column":0},"end":{"line":71,"column":6}},"71":{"start":{"line":72,"column":0},"end":{"line":72,"column":3}},"73":{"start":{"line":74,"column":0},"end":{"line":74,"column":19}},"74":{"start":{"line":75,"column":0},"end":{"line":75,"column":12}},"75":{"start":{"line":76,"column":0},"end":{"line":76,"column":42}},"76":{"start":{"line":77,"column":0},"end":{"line":77,"column":88}},"77":{"start":{"line":78,"column":0},"end":{"line":78,"column":21}},"78":{"start":{"line":79,"column":0},"end":{"line":79,"column":23}},"79":{"start":{"line":80,"column":0},"end":{"line":80,"column":6}},"80":{"start":{"line":81,"column":0},"end":{"line":81,"column":3}},"82":{"start":{"line":83,"column":0},"end":{"line":83,"column":19}},"83":{"start":{"line":84,"column":0},"end":{"line":84,"column":12}},"84":{"start":{"line":85,"column":0},"end":{"line":85,"column":33}},"85":{"start":{"line":86,"column":0},"end":{"line":86,"column":71}},"86":{"start":{"line":87,"column":0},"end":{"line":87,"column":22}},"87":{"start":{"line":88,"column":0},"end":{"line":88,"column":24}},"88":{"start":{"line":89,"column":0},"end":{"line":89,"column":6}},"89":{"start":{"line":90,"column":0},"end":{"line":90,"column":3}},"91":{"start":{"line":92,"column":0},"end":{"line":92,"column":10}},"92":{"start":{"line":93,"column":0},"end":{"line":93,"column":37}},"93":{"start":{"line":94,"column":0},"end":{"line":94,"column":66}},"94":{"start":{"line":95,"column":0},"end":{"line":95,"column":20}},"95":{"start":{"line":96,"column":0},"end":{"line":96,"column":22}},"96":{"start":{"line":97,"column":0},"end":{"line":97,"column":4}},"97":{"start":{"line":98,"column":0},"end":{"line":98,"column":1}},"102":{"start":{"line":103,"column":0},"end":{"line":103,"column":63}},"103":{"start":{"line":104,"column":0},"end":{"line":104,"column":10}},"104":{"start":{"line":105,"column":0},"end":{"line":105,"column":51}},"105":{"start":{"line":106,"column":0},"end":{"line":106,"column":20}},"106":{"start":{"line":107,"column":0},"end":{"line":107,"column":30}},"107":{"start":{"line":108,"column":0},"end":{"line":108,"column":28}},"108":{"start":{"line":109,"column":0},"end":{"line":109,"column":33}},"109":{"start":{"line":110,"column":0},"end":{"line":110,"column":26}},"110":{"start":{"line":111,"column":0},"end":{"line":111,"column":5}},"112":{"start":{"line":113,"column":0},"end":{"line":113,"column":1}},"117":{"start":{"line":118,"column":0},"end":{"line":118,"column":68}},"118":{"start":{"line":119,"column":0},"end":{"line":119,"column":22}},"119":{"start":{"line":120,"column":0},"end":{"line":120,"column":27}},"120":{"start":{"line":121,"column":0},"end":{"line":121,"column":14}},"121":{"start":{"line":122,"column":0},"end":{"line":122,"column":38}},"122":{"start":{"line":123,"column":0},"end":{"line":123,"column":34}},"123":{"start":{"line":124,"column":0},"end":{"line":124,"column":32}},"124":{"start":{"line":125,"column":0},"end":{"line":125,"column":40}},"125":{"start":{"line":126,"column":0},"end":{"line":126,"column":36}},"126":{"start":{"line":127,"column":0},"end":{"line":127,"column":8}},"127":{"start":{"line":128,"column":0},"end":{"line":128,"column":20}},"128":{"start":{"line":129,"column":0},"end":{"line":129,"column":14}},"129":{"start":{"line":130,"column":0},"end":{"line":130,"column":39}},"130":{"start":{"line":131,"column":0},"end":{"line":131,"column":32}},"131":{"start":{"line":132,"column":0},"end":{"line":132,"column":30}},"132":{"start":{"line":133,"column":0},"end":{"line":133,"column":38}},"133":{"start":{"line":134,"column":0},"end":{"line":134,"column":34}},"134":{"start":{"line":135,"column":0},"end":{"line":135,"column":8}},"135":{"start":{"line":136,"column":0},"end":{"line":136,"column":30}},"136":{"start":{"line":137,"column":0},"end":{"line":137,"column":14}},"137":{"start":{"line":138,"column":0},"end":{"line":138,"column":42}},"138":{"start":{"line":139,"column":0},"end":{"line":139,"column":31}},"139":{"start":{"line":140,"column":0},"end":{"line":140,"column":29}},"140":{"start":{"line":141,"column":0},"end":{"line":141,"column":37}},"141":{"start":{"line":142,"column":0},"end":{"line":142,"column":36}},"142":{"start":{"line":143,"column":0},"end":{"line":143,"column":8}},"143":{"start":{"line":144,"column":0},"end":{"line":144,"column":12}},"144":{"start":{"line":145,"column":0},"end":{"line":145,"column":14}},"145":{"start":{"line":146,"column":0},"end":{"line":146,"column":31}},"146":{"start":{"line":147,"column":0},"end":{"line":147,"column":31}},"147":{"start":{"line":148,"column":0},"end":{"line":148,"column":29}},"148":{"start":{"line":149,"column":0},"end":{"line":149,"column":37}},"149":{"start":{"line":150,"column":0},"end":{"line":150,"column":28}},"150":{"start":{"line":151,"column":0},"end":{"line":151,"column":8}},"151":{"start":{"line":152,"column":0},"end":{"line":152,"column":3}},"152":{"start":{"line":153,"column":0},"end":{"line":153,"column":1}},"157":{"start":{"line":158,"column":0},"end":{"line":158,"column":47}},"162":{"start":{"line":163,"column":0},"end":{"line":163,"column":3}},"163":{"start":{"line":164,"column":0},"end":{"line":164,"column":20}},"164":{"start":{"line":165,"column":0},"end":{"line":165,"column":12}},"165":{"start":{"line":166,"column":0},"end":{"line":166,"column":31}},"166":{"start":{"line":167,"column":0},"end":{"line":167,"column":38}},"167":{"start":{"line":168,"column":0},"end":{"line":168,"column":34}},"168":{"start":{"line":169,"column":0},"end":{"line":169,"column":55}},"169":{"start":{"line":170,"column":0},"end":{"line":170,"column":6}},"170":{"start":{"line":171,"column":0},"end":{"line":171,"column":3}},"171":{"start":{"line":172,"column":0},"end":{"line":172,"column":20}},"172":{"start":{"line":173,"column":0},"end":{"line":173,"column":12}},"173":{"start":{"line":174,"column":0},"end":{"line":174,"column":29}},"174":{"start":{"line":175,"column":0},"end":{"line":175,"column":36}},"175":{"start":{"line":176,"column":0},"end":{"line":176,"column":32}},"176":{"start":{"line":177,"column":0},"end":{"line":177,"column":55}},"177":{"start":{"line":178,"column":0},"end":{"line":178,"column":6}},"178":{"start":{"line":179,"column":0},"end":{"line":179,"column":3}},"179":{"start":{"line":180,"column":0},"end":{"line":180,"column":10}},"180":{"start":{"line":181,"column":0},"end":{"line":181,"column":26}},"181":{"start":{"line":182,"column":0},"end":{"line":182,"column":33}},"182":{"start":{"line":183,"column":0},"end":{"line":183,"column":32}},"183":{"start":{"line":184,"column":0},"end":{"line":184,"column":49}},"184":{"start":{"line":185,"column":0},"end":{"line":185,"column":4}},"185":{"start":{"line":186,"column":0},"end":{"line":186,"column":1}},"191":{"start":{"line":192,"column":0},"end":{"line":192,"column":64}},"192":{"start":{"line":193,"column":0},"end":{"line":193,"column":23}},"193":{"start":{"line":194,"column":0},"end":{"line":194,"column":13}},"194":{"start":{"line":195,"column":0},"end":{"line":195,"column":36}},"195":{"start":{"line":196,"column":0},"end":{"line":196,"column":32}},"196":{"start":{"line":197,"column":0},"end":{"line":197,"column":32}},"197":{"start":{"line":198,"column":0},"end":{"line":198,"column":30}},"198":{"start":{"line":199,"column":0},"end":{"line":199,"column":25}},"199":{"start":{"line":200,"column":0},"end":{"line":200,"column":32}},"200":{"start":{"line":201,"column":0},"end":{"line":201,"column":12}},"201":{"start":{"line":202,"column":0},"end":{"line":202,"column":1}}},"s":{"0":1,"1":1,"2":1,"8":1,"9":3,"10":3,"16":1,"17":12,"18":12,"19":12,"20":12,"21":12,"22":12,"23":12,"28":1,"29":2,"30":2,"31":1,"32":1,"34":2,"35":2,"36":2,"37":2,"38":2,"39":2,"44":1,"45":1,"46":1,"47":1,"48":1,"49":1,"50":1,"51":1,"52":1,"53":1,"58":1,"63":8,"64":8,"65":3,"66":3,"67":3,"68":3,"69":3,"70":3,"71":3,"73":8,"74":2,"75":2,"76":2,"77":2,"78":2,"79":2,"80":2,"82":8,"83":1,"84":1,"85":1,"86":1,"87":1,"88":1,"89":1,"91":2,"92":2,"93":2,"94":2,"95":2,"96":2,"97":2,"102":1,"103":2,"104":2,"105":1,"106":1,"107":1,"108":1,"109":1,"110":1,"112":2,"117":1,"118":4,"119":4,"120":1,"121":1,"122":1,"123":1,"124":1,"125":1,"126":1,"127":4,"128":1,"129":1,"130":1,"131":1,"132":1,"133":1,"134":1,"135":4,"136":1,"137":1,"138":1,"139":1,"140":1,"141":1,"142":1,"143":4,"144":1,"145":1,"146":1,"147":1,"148":1,"149":1,"150":1,"151":4,"152":4,"157":1,"162":6,"163":6,"164":2,"165":2,"166":2,"167":2,"168":2,"169":2,"170":2,"171":6,"172":2,"173":2,"174":2,"175":2,"176":2,"177":2,"178":2,"179":2,"180":2,"181":2,"182":2,"183":2,"184":2,"185":2,"191":1,"192":9,"193":5,"194":5,"195":5,"196":5,"197":5,"198":5,"199":5,"200":5,"201":5},"branchMap":{"0":{"type":"branch","line":9,"loc":{"start":{"line":9,"column":7},"end":{"line":11,"column":1}},"locations":[{"start":{"line":9,"column":7},"end":{"line":11,"column":1}}]},"1":{"type":"branch","line":17,"loc":{"start":{"line":17,"column":7},"end":{"line":24,"column":1}},"locations":[{"start":{"line":17,"column":7},"end":{"line":24,"column":1}}]},"2":{"type":"branch","line":29,"loc":{"start":{"line":29,"column":7},"end":{"line":40,"column":1}},"locations":[{"start":{"line":29,"column":7},"end":{"line":40,"column":1}}]},"3":{"type":"branch","line":31,"loc":{"start":{"line":31,"column":37},"end":{"line":32,"column":39}},"locations":[{"start":{"line":31,"column":37},"end":{"line":32,"column":39}}]},"4":{"type":"branch","line":32,"loc":{"start":{"line":32,"column":38},"end":{"line":33,"column":40}},"locations":[{"start":{"line":32,"column":38},"end":{"line":33,"column":40}}]},"5":{"type":"branch","line":45,"loc":{"start":{"line":45,"column":7},"end":{"line":54,"column":1}},"locations":[{"start":{"line":45,"column":7},"end":{"line":54,"column":1}}]},"6":{"type":"branch","line":59,"loc":{"start":{"line":59,"column":7},"end":{"line":98,"column":1}},"locations":[{"start":{"line":59,"column":7},"end":{"line":98,"column":1}}]},"7":{"type":"branch","line":65,"loc":{"start":{"line":65,"column":17},"end":{"line":72,"column":3}},"locations":[{"start":{"line":65,"column":17},"end":{"line":72,"column":3}}]},"8":{"type":"branch","line":72,"loc":{"start":{"line":72,"column":2},"end":{"line":74,"column":18}},"locations":[{"start":{"line":72,"column":2},"end":{"line":74,"column":18}}]},"9":{"type":"branch","line":74,"loc":{"start":{"line":74,"column":18},"end":{"line":83,"column":18}},"locations":[{"start":{"line":74,"column":18},"end":{"line":83,"column":18}}]},"10":{"type":"branch","line":74,"loc":{"start":{"line":74,"column":18},"end":{"line":81,"column":3}},"locations":[{"start":{"line":74,"column":18},"end":{"line":81,"column":3}}]},"11":{"type":"branch","line":81,"loc":{"start":{"line":81,"column":2},"end":{"line":83,"column":18}},"locations":[{"start":{"line":81,"column":2},"end":{"line":83,"column":18}}]},"12":{"type":"branch","line":83,"loc":{"start":{"line":83,"column":18},"end":{"line":98,"column":1}},"locations":[{"start":{"line":83,"column":18},"end":{"line":98,"column":1}}]},"13":{"type":"branch","line":83,"loc":{"start":{"line":83,"column":18},"end":{"line":90,"column":3}},"locations":[{"start":{"line":83,"column":18},"end":{"line":90,"column":3}}]},"14":{"type":"branch","line":90,"loc":{"start":{"line":90,"column":2},"end":{"line":98,"column":1}},"locations":[{"start":{"line":90,"column":2},"end":{"line":98,"column":1}}]},"15":{"type":"branch","line":103,"loc":{"start":{"line":103,"column":7},"end":{"line":113,"column":1}},"locations":[{"start":{"line":103,"column":7},"end":{"line":113,"column":1}}]},"16":{"type":"branch","line":105,"loc":{"start":{"line":105,"column":45},"end":{"line":111,"column":5}},"locations":[{"start":{"line":105,"column":45},"end":{"line":111,"column":5}}]},"17":{"type":"branch","line":118,"loc":{"start":{"line":118,"column":7},"end":{"line":153,"column":1}},"locations":[{"start":{"line":118,"column":7},"end":{"line":153,"column":1}}]},"18":{"type":"branch","line":120,"loc":{"start":{"line":120,"column":4},"end":{"line":127,"column":8}},"locations":[{"start":{"line":120,"column":4},"end":{"line":127,"column":8}}]},"19":{"type":"branch","line":128,"loc":{"start":{"line":128,"column":4},"end":{"line":135,"column":8}},"locations":[{"start":{"line":128,"column":4},"end":{"line":135,"column":8}}]},"20":{"type":"branch","line":136,"loc":{"start":{"line":136,"column":4},"end":{"line":143,"column":8}},"locations":[{"start":{"line":136,"column":4},"end":{"line":143,"column":8}}]},"21":{"type":"branch","line":144,"loc":{"start":{"line":144,"column":4},"end":{"line":151,"column":8}},"locations":[{"start":{"line":144,"column":4},"end":{"line":151,"column":8}}]},"22":{"type":"branch","line":158,"loc":{"start":{"line":158,"column":7},"end":{"line":186,"column":1}},"locations":[{"start":{"line":158,"column":7},"end":{"line":186,"column":1}}]},"23":{"type":"branch","line":164,"loc":{"start":{"line":164,"column":19},"end":{"line":171,"column":3}},"locations":[{"start":{"line":164,"column":19},"end":{"line":171,"column":3}}]},"24":{"type":"branch","line":171,"loc":{"start":{"line":171,"column":2},"end":{"line":172,"column":19}},"locations":[{"start":{"line":171,"column":2},"end":{"line":172,"column":19}}]},"25":{"type":"branch","line":172,"loc":{"start":{"line":172,"column":19},"end":{"line":186,"column":1}},"locations":[{"start":{"line":172,"column":19},"end":{"line":186,"column":1}}]},"26":{"type":"branch","line":192,"loc":{"start":{"line":192,"column":7},"end":{"line":202,"column":1}},"locations":[{"start":{"line":192,"column":7},"end":{"line":202,"column":1}}]},"27":{"type":"branch","line":193,"loc":{"start":{"line":193,"column":13},"end":{"line":202,"column":1}},"locations":[{"start":{"line":193,"column":13},"end":{"line":202,"column":1}}]},"28":{"type":"branch","line":193,"loc":{"start":{"line":193,"column":13},"end":{"line":193,"column":23}},"locations":[{"start":{"line":193,"column":13},"end":{"line":193,"column":23}}]},"29":{"type":"branch","line":193,"loc":{"start":{"line":193,"column":20},"end":{"line":202,"column":1}},"locations":[{"start":{"line":193,"column":20},"end":{"line":202,"column":1}}]}},"b":{"0":[3],"1":[12],"2":[2],"3":[1],"4":[1],"5":[1],"6":[8],"7":[3],"8":[5],"9":[6],"10":[2],"11":[3],"12":[4],"13":[1],"14":[2],"15":[2],"16":[1],"17":[4],"18":[1],"19":[1],"20":[1],"21":[1],"22":[6],"23":[2],"24":[4],"25":[2],"26":[9],"27":[7],"28":[4],"29":[5]},"fnMap":{"0":{"name":"cn","decl":{"start":{"line":9,"column":7},"end":{"line":11,"column":1}},"loc":{"start":{"line":9,"column":7},"end":{"line":11,"column":1}},"line":9},"1":{"name":"formatCurrency","decl":{"start":{"line":17,"column":7},"end":{"line":24,"column":1}},"loc":{"start":{"line":17,"column":7},"end":{"line":24,"column":1}},"line":17},"2":{"name":"formatDate","decl":{"start":{"line":29,"column":7},"end":{"line":40,"column":1}},"loc":{"start":{"line":29,"column":7},"end":{"line":40,"column":1}},"line":29},"3":{"name":"formatDateTime","decl":{"start":{"line":45,"column":7},"end":{"line":54,"column":1}},"loc":{"start":{"line":45,"column":7},"end":{"line":54,"column":1}},"line":45},"4":{"name":"formatDeadlineRemaining","decl":{"start":{"line":59,"column":7},"end":{"line":98,"column":1}},"loc":{"start":{"line":59,"column":7},"end":{"line":98,"column":1}},"line":59},"5":{"name":"getStatusConfig","decl":{"start":{"line":103,"column":7},"end":{"line":113,"column":1}},"loc":{"start":{"line":103,"column":7},"end":{"line":113,"column":1}},"line":103},"6":{"name":"getRiskBadgeConfig","decl":{"start":{"line":118,"column":7},"end":{"line":153,"column":1}},"loc":{"start":{"line":118,"column":7},"end":{"line":153,"column":1}},"line":118},"7":{"name":"getScoreColor","decl":{"start":{"line":158,"column":7},"end":{"line":186,"column":1}},"loc":{"start":{"line":158,"column":7},"end":{"line":186,"column":1}},"line":158},"8":{"name":"stripMarkdownFormatting","decl":{"start":{"line":192,"column":7},"end":{"line":202,"column":1}},"loc":{"start":{"line":192,"column":7},"end":{"line":202,"column":1}},"line":192}},"f":{"0":3,"1":12,"2":2,"3":1,"4":8,"5":2,"6":4,"7":6,"8":9}}
}
